#
# There is insufficient memory for the Java Runtime Environment to continue.
# Native memory allocation (malloc) failed to allocate 1593520 bytes. Error detail: Chunk::new
# Possible reasons:
#   The system is out of physical RAM or swap space
#   This process is running with CompressedOops enabled, and the Java Heap may be blocking the growth of the native heap
# Possible solutions:
#   Reduce memory load on the system
#   Increase physical memory or swap space
#   Check if swap backing store is full
#   Decrease Java heap size (-Xmx/-Xms)
#   Decrease number of Java threads
#   Decrease Java thread stack sizes (-Xss)
#   Set larger code cache with -XX:ReservedCodeCacheSize=
#   JVM is running with Unscaled Compressed Oops mode in which the Java heap is
#     placed in the first 4GB address space. The Java Heap base address is the
#     maximum limit for the native heap growth. Please use -XX:HeapBaseMinAddress
#     to set the Java Heap base and to place the Java Heap above 4GB virtual address.
# This output file may be truncated or incomplete.
#
#  Out of Memory Error (arena.cpp:168), pid=12536, tid=15448
#
# JRE version: OpenJDK Runtime Environment Temurin-21.0.10+7 (21.0.10+7) (build 21.0.10+7-LTS)
# Java VM: OpenJDK 64-Bit Server VM Temurin-21.0.10+7 (21.0.10+7-LTS, mixed mode, sharing, tiered, compressed oops, compressed class ptrs, parallel gc, windows-amd64)
# No core dump will be written. Minidumps are not enabled by default on client versions of Windows
#

---------------  S U M M A R Y ------------

Command Line: --add-modules=ALL-SYSTEM --add-opens=java.base/java.util=ALL-UNNAMED --add-opens=java.base/java.lang=ALL-UNNAMED --add-opens=java.base/sun.nio.fs=ALL-UNNAMED -Declipse.application=org.eclipse.jdt.ls.core.id1 -Dosgi.bundles.defaultStartLevel=4 -Declipse.product=org.eclipse.jdt.ls.core.product -Djava.import.generatesMetadataFilesAtProjectRoot=false -DDetectVMInstallationsJob.disabled=true -Dfile.encoding=utf8 -XX:+UseParallelGC -XX:GCTimeRatio=4 -XX:AdaptiveSizePolicyWeight=90 -Dsun.zip.disableMemoryMapping=true -Xmx2G -Xms100m -Xlog:disable -javaagent:c:\Users\thiag\.vscode\extensions\redhat.java-1.54.0-win32-x64\lombok\lombok-1.18.39-4050.jar -XX:+HeapDumpOnOutOfMemoryError -XX:HeapDumpPath=c:\Users\thiag\AppData\Roaming\Code\User\workspaceStorage\6032074ec58f4167fceb86fd3e36ecb2\redhat.java -Daether.dependencyCollector.impl=bf c:\Users\thiag\.vscode\extensions\redhat.java-1.54.0-win32-x64\server\plugins\org.eclipse.equinox.launcher_1.7.100.v20251111-0406.jar -configuration c:\Users\thiag\AppData\Roaming\Code\User\globalStorage\redhat.java\1.54.0\config_win -data c:\Users\thiag\AppData\Roaming\Code\User\workspaceStorage\6032074ec58f4167fceb86fd3e36ecb2\redhat.java\jdt_ws --pipe=\\.\pipe\lsp-90e50214ec9a13798bb1ed2b0a43a574-sock

Host: Intel(R) Core(TM) 5 120U, 12 cores, 15G,  Windows 11 , 64 bit Build 26100 (10.0.26100.7920)
Time: Wed May 20 16:54:13 2026 Hora oficial do Brasil elapsed time: 28.630864 seconds (0d 0h 0m 28s)

---------------  T H R E A D  ---------------

Current thread (0x0000013b220b9560):  JavaThread "C2 CompilerThread0" daemon [_thread_in_native, id=15448, stack(0x000000152ae00000,0x000000152af00000) (1024K)]


Current CompileTask:
C2:28631 14638   !   4       org.eclipse.jdt.internal.compiler.classfmt.ClassFileReader::<init> (1968 bytes)

Stack: [0x000000152ae00000,0x000000152af00000]
Native frames: (J=compiled Java code, j=interpreted, Vv=VM code, C=native code)
V  [jvm.dll+0x6d7a39]
V  [jvm.dll+0x8b4b26]
V  [jvm.dll+0x8b70de]
V  [jvm.dll+0x8b77c3]
V  [jvm.dll+0x284346]
V  [jvm.dll+0xc66ed]
V  [jvm.dll+0xc6c31]
V  [jvm.dll+0x3bec3b]
V  [jvm.dll+0x1e3f69]
V  [jvm.dll+0x24c6b3]
V  [jvm.dll+0x24bb40]
V  [jvm.dll+0x1cb34e]
V  [jvm.dll+0x25b85d]
V  [jvm.dll+0x259dea]
V  [jvm.dll+0x3f857e]
V  [jvm.dll+0x85f59d]
V  [jvm.dll+0x6d626d]
C  [ucrtbase.dll+0x37b0]
C  [KERNEL32.DLL+0x2e8d7]
C  [ntdll.dll+0x8c48c]


---------------  P R O C E S S  ---------------

Threads class SMR info:
_java_thread_list=0x0000013b09e746a0, length=80, elements={
0x0000013b22003c50, 0x0000013b220a53a0, 0x0000013b38aaccb0, 0x0000013b220a8770,
0x0000013b220a9500, 0x0000013b220ac0a0, 0x0000013b220acb00, 0x0000013b220b9560,
0x0000013b220ba670, 0x0000013b7b016400, 0x0000013b7b0149c0, 0x0000013b7b015050,
0x0000013b7b016a90, 0x0000013b7b0156e0, 0x0000013b7b017120, 0x0000013b7b0177b0,
0x0000013b7b015d70, 0x0000013b7b014330, 0x0000013b04bcf6a0, 0x0000013b04bd0a50,
0x0000013b04bd03c0, 0x0000013b04bd1770, 0x0000013b04bd2490, 0x0000013b04bd1e00,
0x0000013b04bd2b20, 0x0000013b04bd31b0, 0x0000013b04bcfd30, 0x0000013b04bd3840,
0x0000013b04bd3ed0, 0x0000013b04bd4560, 0x0000013b04bd10e0, 0x0000013b04bd5fa0,
0x0000013b04bd5910, 0x0000013b04bd4bf0, 0x0000013b04bd5280, 0x0000013b04bd6630,
0x0000013b04bd6cc0, 0x0000013b06ea0110, 0x0000013b06ea0e30, 0x0000013b06ea3590,
0x0000013b06ea3c20, 0x0000013b06ea07a0, 0x0000013b06ea5660, 0x0000013b06ea4940,
0x0000013b06ea4fd0, 0x0000013b06ea21e0, 0x0000013b06ea5cf0, 0x0000013b06ea2870,
0x0000013b06ea6380, 0x0000013b06ea2f00, 0x0000013b06ea7730, 0x0000013b06ea70a0,
0x0000013b06ea6a10, 0x0000013b08319830, 0x0000013b08319ec0, 0x0000013b08318480,
0x0000013b0831abe0, 0x0000013b0831a550, 0x0000013b0831b270, 0x0000013b08318b10,
0x0000013b08317df0, 0x0000013b0831b900, 0x0000013b0831bf90, 0x0000013b0831c620,
0x0000013b0831d9d0, 0x0000013b0831ed80, 0x0000013b0831e060, 0x0000013b0831ccb0,
0x0000013b0831d340, 0x0000013b0831e6f0, 0x0000013b0831f410, 0x0000013b0955a530,
0x0000013b0955bf70, 0x0000013b0955c600, 0x0000013b0955b250, 0x0000013b09559180,
0x0000013b0955abc0, 0x0000013b0955b8e0, 0x0000013b0955cc90, 0x0000013b09559810
}

Java Threads: ( => current thread )
  0x0000013b22003c50 JavaThread "main"                              [_thread_blocked, id=15984, stack(0x000000152a400000,0x000000152a500000) (1024K)]
  0x0000013b220a53a0 JavaThread "Reference Handler"          daemon [_thread_blocked, id=15364, stack(0x000000152a800000,0x000000152a900000) (1024K)]
  0x0000013b38aaccb0 JavaThread "Finalizer"                  daemon [_thread_blocked, id=17424, stack(0x000000152a900000,0x000000152aa00000) (1024K)]
  0x0000013b220a8770 JavaThread "Signal Dispatcher"          daemon [_thread_blocked, id=13924, stack(0x000000152aa00000,0x000000152ab00000) (1024K)]
  0x0000013b220a9500 JavaThread "Attach Listener"            daemon [_thread_blocked, id=21892, stack(0x000000152ab00000,0x000000152ac00000) (1024K)]
  0x0000013b220ac0a0 JavaThread "Service Thread"             daemon [_thread_blocked, id=15752, stack(0x000000152ac00000,0x000000152ad00000) (1024K)]
  0x0000013b220acb00 JavaThread "Monitor Deflation Thread"   daemon [_thread_blocked, id=10824, stack(0x000000152ad00000,0x000000152ae00000) (1024K)]
=>0x0000013b220b9560 JavaThread "C2 CompilerThread0"         daemon [_thread_in_native, id=15448, stack(0x000000152ae00000,0x000000152af00000) (1024K)]
  0x0000013b220ba670 JavaThread "C1 CompilerThread0"         daemon [_thread_blocked, id=6948, stack(0x000000152af00000,0x000000152b000000) (1024K)]
  0x0000013b7b016400 JavaThread "Common-Cleaner"             daemon [_thread_blocked, id=4612, stack(0x000000152b100000,0x000000152b200000) (1024K)]
  0x0000013b7b0149c0 JavaThread "Notification Thread"        daemon [_thread_blocked, id=21788, stack(0x000000152b200000,0x000000152b300000) (1024K)]
  0x0000013b7b015050 JavaThread "Active Thread: Equinox Container: 086de653-9fa2-4da1-86a6-c02915d12f7a"        [_thread_blocked, id=20540, stack(0x000000152ba00000,0x000000152bb00000) (1024K)]
  0x0000013b7b016a90 JavaThread "Refresh Thread: Equinox Container: 086de653-9fa2-4da1-86a6-c02915d12f7a" daemon [_thread_blocked, id=16916, stack(0x000000152bc00000,0x000000152bd00000) (1024K)]
  0x0000013b7b0156e0 JavaThread "Framework Event Dispatcher: Equinox Container: 086de653-9fa2-4da1-86a6-c02915d12f7a" daemon [_thread_blocked, id=14008, stack(0x000000152bd00000,0x000000152be00000) (1024K)]
  0x0000013b7b017120 JavaThread "Start Level: Equinox Container: 086de653-9fa2-4da1-86a6-c02915d12f7a" daemon [_thread_blocked, id=15424, stack(0x000000152be00000,0x000000152bf00000) (1024K)]
  0x0000013b7b0177b0 JavaThread "Bundle File Closer"         daemon [_thread_blocked, id=2632, stack(0x000000152c100000,0x000000152c200000) (1024K)]
  0x0000013b7b015d70 JavaThread "SCR Component Actor"        daemon [_thread_blocked, id=12568, stack(0x000000152b000000,0x000000152b100000) (1024K)]
  0x0000013b7b014330 JavaThread "Worker-JM"                         [_thread_blocked, id=13724, stack(0x000000152c300000,0x000000152c400000) (1024K)]
  0x0000013b04bcf6a0 JavaThread "Worker-0: Check JDK Index"         [_thread_blocked, id=18828, stack(0x000000152c400000,0x000000152c500000) (1024K)]
  0x0000013b04bd0a50 JavaThread "Worker-1"                          [_thread_blocked, id=888, stack(0x000000152c500000,0x000000152c600000) (1024K)]
  0x0000013b04bd03c0 JavaThread "Java indexing"              daemon [_thread_blocked, id=21720, stack(0x000000152c200000,0x000000152c300000) (1024K)]
  0x0000013b04bd1770 JavaThread "JNA Cleaner"                daemon [_thread_blocked, id=10916, stack(0x000000152b300000,0x000000152b400000) (1024K)]
  0x0000013b04bd2490 JavaThread "Worker-2"                          [_thread_blocked, id=19008, stack(0x000000152c900000,0x000000152ca00000) (1024K)]
  0x0000013b04bd1e00 JavaThread "Worker-3: Java indexing... "        [_thread_blocked, id=15480, stack(0x000000152ca00000,0x000000152cb00000) (1024K)]
  0x0000013b04bd2b20 JavaThread "Thread-1"                   daemon [_thread_in_native, id=4060, stack(0x000000152cb00000,0x000000152cc00000) (1024K)]
  0x0000013b04bd31b0 JavaThread "Thread-2"                   daemon [_thread_in_native, id=7352, stack(0x000000152cc00000,0x000000152cd00000) (1024K)]
  0x0000013b04bcfd30 JavaThread "Thread-3"                   daemon [_thread_in_native, id=15000, stack(0x000000152ce00000,0x000000152cf00000) (1024K)]
  0x0000013b04bd3840 JavaThread "Thread-4"                   daemon [_thread_in_native, id=13588, stack(0x000000152cf00000,0x000000152d000000) (1024K)]
  0x0000013b04bd3ed0 JavaThread "Thread-5"                   daemon [_thread_in_native, id=10840, stack(0x000000152d000000,0x000000152d100000) (1024K)]
  0x0000013b04bd4560 JavaThread "Thread-6"                   daemon [_thread_in_native, id=20392, stack(0x000000152d100000,0x000000152d200000) (1024K)]
  0x0000013b04bd10e0 JavaThread "Thread-7"                   daemon [_thread_in_native, id=21148, stack(0x000000152d200000,0x000000152d300000) (1024K)]
  0x0000013b04bd5fa0 JavaThread "Thread-8"                   daemon [_thread_in_native, id=13852, stack(0x000000152d300000,0x000000152d400000) (1024K)]
  0x0000013b04bd5910 JavaThread "Thread-9"                   daemon [_thread_in_native, id=19228, stack(0x000000152d400000,0x000000152d500000) (1024K)]
  0x0000013b04bd4bf0 JavaThread "Thread-10"                  daemon [_thread_in_native, id=13896, stack(0x000000152d500000,0x000000152d600000) (1024K)]
  0x0000013b04bd5280 JavaThread "Thread-11"                  daemon [_thread_in_native, id=1860, stack(0x000000152d600000,0x000000152d700000) (1024K)]
  0x0000013b04bd6630 JavaThread "Thread-12"                  daemon [_thread_in_native, id=11460, stack(0x000000152d700000,0x000000152d800000) (1024K)]
  0x0000013b04bd6cc0 JavaThread "Thread-13"                  daemon [_thread_in_native, id=10784, stack(0x000000152d800000,0x000000152d900000) (1024K)]
  0x0000013b06ea0110 JavaThread "pool-2-thread-1"                   [_thread_blocked, id=10476, stack(0x000000152d900000,0x000000152da00000) (1024K)]
  0x0000013b06ea0e30 JavaThread "Worker-4"                          [_thread_blocked, id=13484, stack(0x000000152da00000,0x000000152db00000) (1024K)]
  0x0000013b06ea3590 JavaThread "WorkspaceEventsHandler"            [_thread_blocked, id=15920, stack(0x000000152db00000,0x000000152dc00000) (1024K)]
  0x0000013b06ea3c20 JavaThread "pool-1-thread-1"                   [_thread_blocked, id=9792, stack(0x000000152dc00000,0x000000152dd00000) (1024K)]
  0x0000013b06ea07a0 JavaThread "LocalFile Deleter"          daemon [_thread_blocked, id=9364, stack(0x000000152dd00000,0x000000152de00000) (1024K)]
  0x0000013b06ea5660 JavaThread "LocalFile Deleter"          daemon [_thread_blocked, id=11572, stack(0x000000152de00000,0x000000152df00000) (1024K)]
  0x0000013b06ea4940 JavaThread "LocalFile Deleter"          daemon [_thread_blocked, id=10984, stack(0x000000152df00000,0x000000152e000000) (1024K)]
  0x0000013b06ea4fd0 JavaThread "LocalFile Deleter"          daemon [_thread_blocked, id=5924, stack(0x000000152e000000,0x000000152e100000) (1024K)]
  0x0000013b06ea21e0 JavaThread "LocalFile Deleter"          daemon [_thread_blocked, id=13476, stack(0x000000152e100000,0x000000152e200000) (1024K)]
  0x0000013b06ea5cf0 JavaThread "LocalFile Deleter"          daemon [_thread_blocked, id=2752, stack(0x000000152e200000,0x000000152e300000) (1024K)]
  0x0000013b06ea2870 JavaThread "LocalFile Deleter"          daemon [_thread_blocked, id=5216, stack(0x000000152e300000,0x000000152e400000) (1024K)]
  0x0000013b06ea6380 JavaThread "LocalFile Deleter"          daemon [_thread_blocked, id=11284, stack(0x000000152e400000,0x000000152e500000) (1024K)]
  0x0000013b06ea2f00 JavaThread "LocalFile Deleter"          daemon [_thread_blocked, id=3732, stack(0x000000152e500000,0x000000152e600000) (1024K)]
  0x0000013b06ea7730 JavaThread "LocalFile Deleter"          daemon [_thread_blocked, id=12292, stack(0x000000152e600000,0x000000152e700000) (1024K)]
  0x0000013b06ea70a0 JavaThread "LocalFile Deleter"          daemon [_thread_blocked, id=8096, stack(0x000000152e700000,0x000000152e800000) (1024K)]
  0x0000013b06ea6a10 JavaThread "LocalFile Deleter"          daemon [_thread_blocked, id=15844, stack(0x000000152e800000,0x000000152e900000) (1024K)]
  0x0000013b08319830 JavaThread "Compiler Source File Reader" daemon [_thread_blocked, id=16004, stack(0x000000152e900000,0x000000152ea00000) (1024K)]
  0x0000013b08319ec0 JavaThread "Compiler Source File Reader" daemon [_thread_blocked, id=17012, stack(0x000000152ea00000,0x000000152eb00000) (1024K)]
  0x0000013b08318480 JavaThread "Compiler Source File Reader" daemon [_thread_blocked, id=16872, stack(0x000000152eb00000,0x000000152ec00000) (1024K)]
  0x0000013b0831abe0 JavaThread "Compiler Source File Reader" daemon [_thread_blocked, id=7368, stack(0x000000152ec00000,0x000000152ed00000) (1024K)]
  0x0000013b0831a550 JavaThread "Compiler Source File Reader" daemon [_thread_blocked, id=16620, stack(0x000000152ed00000,0x000000152ee00000) (1024K)]
  0x0000013b0831b270 JavaThread "Compiler Source File Reader" daemon [_thread_blocked, id=12588, stack(0x000000152ee00000,0x000000152ef00000) (1024K)]
  0x0000013b08318b10 JavaThread "Compiler Source File Reader" daemon [_thread_blocked, id=16076, stack(0x000000152ef00000,0x000000152f000000) (1024K)]
  0x0000013b08317df0 JavaThread "Compiler Source File Reader" daemon [_thread_blocked, id=15912, stack(0x000000152f000000,0x000000152f100000) (1024K)]
  0x0000013b0831b900 JavaThread "Compiler Source File Reader" daemon [_thread_blocked, id=5844, stack(0x000000152f100000,0x000000152f200000) (1024K)]
  0x0000013b0831bf90 JavaThread "Compiler Source File Reader" daemon [_thread_blocked, id=13176, stack(0x000000152f200000,0x000000152f300000) (1024K)]
  0x0000013b0831c620 JavaThread "Worker-5"                          [_thread_blocked, id=10980, stack(0x000000152f300000,0x000000152f400000) (1024K)]
  0x0000013b0831d9d0 JavaThread "ForkJoinPool.commonPool-worker-1" daemon [_thread_blocked, id=20756, stack(0x000000152f400000,0x000000152f500000) (1024K)]
  0x0000013b0831ed80 JavaThread "ForkJoinPool.commonPool-worker-2" daemon [_thread_blocked, id=17132, stack(0x000000152f500000,0x000000152f600000) (1024K)]
  0x0000013b0831e060 JavaThread "ForkJoinPool.commonPool-worker-3" daemon [_thread_blocked, id=16604, stack(0x000000152f600000,0x000000152f700000) (1024K)]
  0x0000013b0831ccb0 JavaThread "ForkJoinPool.commonPool-worker-4" daemon [_thread_blocked, id=3992, stack(0x000000152f700000,0x000000152f800000) (1024K)]
  0x0000013b0831d340 JavaThread "ForkJoinPool.commonPool-worker-5" daemon [_thread_blocked, id=11804, stack(0x000000152f800000,0x000000152f900000) (1024K)]
  0x0000013b0831e6f0 JavaThread "Compiler Processing Task"   daemon [_thread_blocked, id=3848, stack(0x000000152f900000,0x000000152fa00000) (1024K)]
  0x0000013b0831f410 JavaThread "Compiler Class File Writer" daemon [_thread_blocked, id=12820, stack(0x000000152fa00000,0x000000152fb00000) (1024K)]
  0x0000013b0955a530 JavaThread "Compiler Class File Writer" daemon [_thread_blocked, id=1908, stack(0x000000152fb00000,0x000000152fc00000) (1024K)]
  0x0000013b0955bf70 JavaThread "Compiler Class File Writer" daemon [_thread_blocked, id=18140, stack(0x000000152fc00000,0x000000152fd00000) (1024K)]
  0x0000013b0955c600 JavaThread "Compiler Class File Writer" daemon [_thread_blocked, id=5788, stack(0x000000152fd00000,0x000000152fe00000) (1024K)]
  0x0000013b0955b250 JavaThread "Compiler Class File Writer" daemon [_thread_blocked, id=6236, stack(0x000000152fe00000,0x000000152ff00000) (1024K)]
  0x0000013b09559180 JavaThread "Compiler Class File Writer" daemon [_thread_blocked, id=21076, stack(0x000000152ff00000,0x0000001530000000) (1024K)]
  0x0000013b0955abc0 JavaThread "Compiler Class File Writer" daemon [_thread_blocked, id=22128, stack(0x0000001530000000,0x0000001530100000) (1024K)]
  0x0000013b0955b8e0 JavaThread "Compiler Class File Writer" daemon [_thread_blocked, id=19184, stack(0x0000001530100000,0x0000001530200000) (1024K)]
  0x0000013b0955cc90 JavaThread "Compiler Class File Writer" daemon [_thread_blocked, id=11176, stack(0x0000001530200000,0x0000001530300000) (1024K)]
  0x0000013b09559810 JavaThread "Compiler Class File Writer" daemon [_thread_blocked, id=21100, stack(0x0000001530300000,0x0000001530400000) (1024K)]
Total: 80

Other Threads:
  0x0000013b38a94980 VMThread "VM Thread"                           [id=20228, stack(0x000000152a700000,0x000000152a800000) (1024K)]
  0x0000013b3898ca10 WatcherThread "VM Periodic Task Thread"        [id=14744, stack(0x000000152a600000,0x000000152a700000) (1024K)]
  0x0000013b22023250 WorkerThread "GC Thread#0"                     [id=6256, stack(0x000000152a500000,0x000000152a600000) (1024K)]
  0x0000013b04420e30 WorkerThread "GC Thread#1"                     [id=4676, stack(0x000000152b400000,0x000000152b500000) (1024K)]
  0x0000013b047fbb30 WorkerThread "GC Thread#2"                     [id=21456, stack(0x000000152b500000,0x000000152b600000) (1024K)]
  0x0000013b047fbee0 WorkerThread "GC Thread#3"                     [id=14388, stack(0x000000152b600000,0x000000152b700000) (1024K)]
  0x0000013b047fc290 WorkerThread "GC Thread#4"                     [id=5804, stack(0x000000152b700000,0x000000152b800000) (1024K)]
  0x0000013b044789b0 WorkerThread "GC Thread#5"                     [id=11948, stack(0x000000152b800000,0x000000152b900000) (1024K)]
  0x0000013b04478d60 WorkerThread "GC Thread#6"                     [id=9180, stack(0x000000152b900000,0x000000152ba00000) (1024K)]
  0x0000013b049d9b00 WorkerThread "GC Thread#7"                     [id=13364, stack(0x000000152bb00000,0x000000152bc00000) (1024K)]
  0x0000013b04a9fc60 WorkerThread "GC Thread#8"                     [id=20496, stack(0x000000152bf00000,0x000000152c000000) (1024K)]
  0x0000013b04da8510 WorkerThread "GC Thread#9"                     [id=21204, stack(0x000000152c000000,0x000000152c100000) (1024K)]
Total: 12

Threads with active compile tasks:
C2 CompilerThread0  28662 14638   !   4       org.eclipse.jdt.internal.compiler.classfmt.ClassFileReader::<init> (1968 bytes)
Total: 1

VM state: at safepoint (normal execution)

VM Mutex/Monitor currently owned by a thread:  ([mutex/lock_event])
[0x00007ffaee34e560] Threads_lock - owner thread: 0x0000013b38a94980
[0x00007ffaee34e660] Heap_lock - owner thread: 0x0000013b04bd03c0
[0x00007ffaee34eae0] PSOldGenExpand_lock - owner thread: 0x0000013b04420e30

Heap address: 0x0000000080000000, size: 2048 MB, Compressed Oops mode: 32-bit

CDS archive(s) mapped at: [0x0000013b39000000-0x0000013b39ba0000-0x0000013b39ba0000), size 12189696, SharedBaseAddress: 0x0000013b39000000, ArchiveRelocationMode: 1.
Compressed class space mapped at: 0x0000013b3a000000-0x0000013b7a000000, reserved size: 1073741824
Narrow klass base: 0x0000013b39000000, Narrow klass shift: 0, Narrow klass range: 0x100000000

GC Precious Log:
 CardTable entry size: 512
 CPUs: 12 total, 12 available
 Memory: 16067M
 Large Page Support: Disabled
 NUMA Support: Disabled
 Compressed Oops: Enabled (32-bit)
 Alignments: Space 512K, Generation 512K, Heap 2M
 Heap Min Capacity: 100M
 Heap Initial Capacity: 100M
 Heap Max Capacity: 2G
 Pre-touch: Disabled
 Parallel Workers: 10

Heap:
 PSYoungGen      total 6144K, used 5824K [0x00000000d5580000, 0x00000000d5c80000, 0x0000000100000000)
  eden space 5120K, 100% used [0x00000000d5580000,0x00000000d5a80000,0x00000000d5a80000)
  from space 1024K, 68% used [0x00000000d5a80000,0x00000000d5b30000,0x00000000d5b80000)
  to   space 1024K, 53% used [0x00000000d5b80000,0x00000000d5c08000,0x00000000d5c80000)
 ParOldGen       total 539648K, used 539624K [0x0000000080000000, 0x00000000a0f00000, 0x00000000d5580000)
  object space 539648K, 99% used [0x0000000080000000,0x00000000a0efa078,0x00000000a0f00000)
 Metaspace       used 69080K, committed 70592K, reserved 1114112K
  class space    used 7204K, committed 7808K, reserved 1048576K

Card table byte_map: [0x0000013b219b0000,0x0000013b21dc0000] _byte_map_base: 0x0000013b215b0000

Marking Bits: (ParMarkBitMap*) 0x00007ffaee353450
 Begin Bits: [0x0000013b344b0000, 0x0000013b364b0000)
 End Bits:   [0x0000013b364b0000, 0x0000013b384b0000)

Polling page: 0x0000013b1ffe0000

Metaspace:

Usage:
  Non-class:     60.43 MB used.
      Class:      7.04 MB used.
       Both:     67.46 MB used.

Virtual space:
  Non-class space:       64.00 MB reserved,      61.31 MB ( 96%) committed,  1 nodes.
      Class space:        1.00 GB reserved,       7.62 MB ( <1%) committed,  1 nodes.
             Both:        1.06 GB reserved,      68.94 MB (  6%) committed. 

Chunk freelists:
   Non-Class:  2.41 MB
       Class:  8.26 MB
        Both:  10.67 MB

MaxMetaspaceSize: unlimited
CompressedClassSpaceSize: 1.00 GB
Initial GC threshold: 21.00 MB
Current GC threshold: 97.31 MB
CDS: on
 - commit_granule_bytes: 65536.
 - commit_granule_words: 8192.
 - virtual_space_node_default_size: 8388608.
 - enlarge_chunks_in_place: 1.
 - use_allocation_guard: 0.


Internal statistics:

num_allocs_failed_limit: 9.
num_arena_births: 1324.
num_arena_deaths: 22.
num_vsnodes_births: 2.
num_vsnodes_deaths: 0.
num_space_committed: 1103.
num_space_uncommitted: 0.
num_chunks_returned_to_freelist: 35.
num_chunks_taken_from_freelist: 4606.
num_chunk_merges: 20.
num_chunk_splits: 2828.
num_chunks_enlarged: 1653.
num_inconsistent_stats: 0.

CodeHeap 'non-profiled nmethods': size=120000Kb used=10987Kb max_used=10987Kb free=109012Kb
 bounds [0x0000013b2ccd0000, 0x0000013b2d790000, 0x0000013b34200000]
CodeHeap 'profiled nmethods': size=120000Kb used=31884Kb max_used=31884Kb free=88115Kb
 bounds [0x0000013b25200000, 0x0000013b27130000, 0x0000013b2c730000]
CodeHeap 'non-nmethods': size=5760Kb used=1446Kb max_used=1544Kb free=4313Kb
 bounds [0x0000013b2c730000, 0x0000013b2c9a0000, 0x0000013b2ccd0000]
CodeCache: size=245760Kb, used=44317Kb, max_used=44415Kb, free=201440Kb
 total_blobs=14685, nmethods=13928, adapters=660, full_count=0
Compilation: enabled, stopped_count=0, restarted_count=0

Compilation events (20 events):
Event: 27.149 Thread 0x0000013b220ba670 nmethod 14630 0x0000013b27109410 code [0x0000013b271096c0, 0x0000013b2710a788]
Event: 27.149 Thread 0x0000013b220ba670 14631       3       org.eclipse.jdt.internal.core.search.indexing.BinaryIndexer::addBinaryTargetAnnotation (349 bytes)
Event: 27.153 Thread 0x0000013b220ba670 nmethod 14631 0x0000013b2710ac90 code [0x0000013b2710b240, 0x0000013b2710ebd0]
Event: 27.221 Thread 0x0000013b220ba670 14632       3       org.eclipse.jdt.internal.compiler.classfmt.ClassFileReader::decodeAnnotations (252 bytes)
Event: 27.222 Thread 0x0000013b220ba670 nmethod 14632 0x0000013b2710fd10 code [0x0000013b2710ff60, 0x0000013b27110e90]
Event: 27.304 Thread 0x0000013b220b9560 14633   !   4       org.eclipse.jdt.core.Signature::getTypeParameters (313 bytes)
Event: 27.314 Thread 0x0000013b220b9560 nmethod 14633 0x0000013b2d782010 code [0x0000013b2d782240, 0x0000013b2d782a10]
Event: 27.329 Thread 0x0000013b220ba670 14634       3       org.eclipse.jdt.internal.compiler.classfmt.TypeAnnotationInfo::<init> (445 bytes)
Event: 27.330 Thread 0x0000013b220ba670 nmethod 14634 0x0000013b27111290 code [0x0000013b27111540, 0x0000013b27112a70]
Event: 27.330 Thread 0x0000013b220ba670 14635       3       org.eclipse.jdt.internal.compiler.classfmt.TypeAnnotationInfo::<init> (18 bytes)
Event: 27.330 Thread 0x0000013b220ba670 nmethod 14635 0x0000013b27113210 code [0x0000013b271133c0, 0x0000013b271135c8]
Event: 27.353 Thread 0x0000013b220ba670 14636   !   3       org.eclipse.jdt.internal.compiler.classfmt.ClassFileReader::<init> (1968 bytes)
Event: 27.357 Thread 0x0000013b220ba670 nmethod 14636 0x0000013b27113710 code [0x0000013b27114120, 0x0000013b2711c048]
Event: 27.396 Thread 0x0000013b220b9560 14637 % !   4       org.eclipse.jdt.internal.compiler.classfmt.ClassFileReader::<init> @ 904 (1968 bytes)
Event: 27.462 Thread 0x0000013b220b9560 nmethod 14637% 0x0000013b2d782f10 code [0x0000013b2d783420, 0x0000013b2d7888f0]
Event: 27.463 Thread 0x0000013b220b9560 14638   !   4       org.eclipse.jdt.internal.compiler.classfmt.ClassFileReader::<init> (1968 bytes)
Event: 27.471 Thread 0x0000013b220ba670 14639       3       org.eclipse.jdt.internal.compiler.classfmt.MethodInfo::decodeTypeAnnotations (88 bytes)
Event: 27.472 Thread 0x0000013b220ba670 nmethod 14639 0x0000013b27121b90 code [0x0000013b27121d80, 0x0000013b271223f0]
Event: 27.490 Thread 0x0000013b220ba670 14641       3       org.eclipse.jdt.internal.compiler.classfmt.FieldInfo::decodeTypeAnnotations (88 bytes)
Event: 27.491 Thread 0x0000013b220ba670 nmethod 14641 0x0000013b27122690 code [0x0000013b27122880, 0x0000013b27122f10]

GC Heap History (20 events):
Event: 27.508 GC heap before
{Heap before GC invocations=833 (full 3):
 PSYoungGen      total 6144K, used 5792K [0x00000000d5580000, 0x00000000d5c80000, 0x0000000100000000)
  eden space 5120K, 100% used [0x00000000d5580000,0x00000000d5a80000,0x00000000d5a80000)
  from space 1024K, 65% used [0x00000000d5a80000,0x00000000d5b28000,0x00000000d5b80000)
  to   space 1024K, 0% used [0x00000000d5b80000,0x00000000d5b80000,0x00000000d5c80000)
 ParOldGen       total 533504K, used 533018K [0x0000000080000000, 0x00000000a0900000, 0x00000000d5580000)
  object space 533504K, 99% used [0x0000000080000000,0x00000000a0886828,0x00000000a0900000)
 Metaspace       used 69080K, committed 70592K, reserved 1114112K
  class space    used 7204K, committed 7808K, reserved 1048576K
}
Event: 27.510 GC heap after
{Heap after GC invocations=833 (full 3):
 PSYoungGen      total 6144K, used 736K [0x00000000d5580000, 0x00000000d5c80000, 0x0000000100000000)
  eden space 5120K, 0% used [0x00000000d5580000,0x00000000d5580000,0x00000000d5a80000)
  from space 1024K, 71% used [0x00000000d5b80000,0x00000000d5c38000,0x00000000d5c80000)
  to   space 1024K, 0% used [0x00000000d5a80000,0x00000000d5a80000,0x00000000d5b80000)
 ParOldGen       total 534016K, used 533546K [0x0000000080000000, 0x00000000a0980000, 0x00000000d5580000)
  object space 534016K, 99% used [0x0000000080000000,0x00000000a090a828,0x00000000a0980000)
 Metaspace       used 69080K, committed 70592K, reserved 1114112K
  class space    used 7204K, committed 7808K, reserved 1048576K
}
Event: 27.518 GC heap before
{Heap before GC invocations=834 (full 3):
 PSYoungGen      total 6144K, used 5856K [0x00000000d5580000, 0x00000000d5c80000, 0x0000000100000000)
  eden space 5120K, 100% used [0x00000000d5580000,0x00000000d5a80000,0x00000000d5a80000)
  from space 1024K, 71% used [0x00000000d5b80000,0x00000000d5c38000,0x00000000d5c80000)
  to   space 1024K, 0% used [0x00000000d5a80000,0x00000000d5a80000,0x00000000d5b80000)
 ParOldGen       total 534016K, used 533546K [0x0000000080000000, 0x00000000a0980000, 0x00000000d5580000)
  object space 534016K, 99% used [0x0000000080000000,0x00000000a090a828,0x00000000a0980000)
 Metaspace       used 69080K, committed 70592K, reserved 1114112K
  class space    used 7204K, committed 7808K, reserved 1048576K
}
Event: 27.520 GC heap after
{Heap after GC invocations=834 (full 3):
 PSYoungGen      total 6144K, used 672K [0x00000000d5580000, 0x00000000d5c80000, 0x0000000100000000)
  eden space 5120K, 0% used [0x00000000d5580000,0x00000000d5580000,0x00000000d5a80000)
  from space 1024K, 65% used [0x00000000d5a80000,0x00000000d5b28000,0x00000000d5b80000)
  to   space 1024K, 0% used [0x00000000d5b80000,0x00000000d5b80000,0x00000000d5c80000)
 ParOldGen       total 534528K, used 534034K [0x0000000080000000, 0x00000000a0a00000, 0x00000000d5580000)
  object space 534528K, 99% used [0x0000000080000000,0x00000000a0984828,0x00000000a0a00000)
 Metaspace       used 69080K, committed 70592K, reserved 1114112K
  class space    used 7204K, committed 7808K, reserved 1048576K
}
Event: 27.528 GC heap before
{Heap before GC invocations=835 (full 3):
 PSYoungGen      total 6144K, used 5792K [0x00000000d5580000, 0x00000000d5c80000, 0x0000000100000000)
  eden space 5120K, 100% used [0x00000000d5580000,0x00000000d5a80000,0x00000000d5a80000)
  from space 1024K, 65% used [0x00000000d5a80000,0x00000000d5b28000,0x00000000d5b80000)
  to   space 1024K, 0% used [0x00000000d5b80000,0x00000000d5b80000,0x00000000d5c80000)
 ParOldGen       total 534528K, used 534034K [0x0000000080000000, 0x00000000a0a00000, 0x00000000d5580000)
  object space 534528K, 99% used [0x0000000080000000,0x00000000a0984828,0x00000000a0a00000)
 Metaspace       used 69080K, committed 70592K, reserved 1114112K
  class space    used 7204K, committed 7808K, reserved 1048576K
}
Event: 27.529 GC heap after
{Heap after GC invocations=835 (full 3):
 PSYoungGen      total 6144K, used 736K [0x00000000d5580000, 0x00000000d5c80000, 0x0000000100000000)
  eden space 5120K, 0% used [0x00000000d5580000,0x00000000d5580000,0x00000000d5a80000)
  from space 1024K, 71% used [0x00000000d5b80000,0x00000000d5c38000,0x00000000d5c80000)
  to   space 1024K, 0% used [0x00000000d5a80000,0x00000000d5a80000,0x00000000d5b80000)
 ParOldGen       total 535040K, used 534610K [0x0000000080000000, 0x00000000a0a80000, 0x00000000d5580000)
  object space 535040K, 99% used [0x0000000080000000,0x00000000a0a14828,0x00000000a0a80000)
 Metaspace       used 69080K, committed 70592K, reserved 1114112K
  class space    used 7204K, committed 7808K, reserved 1048576K
}
Event: 27.536 GC heap before
{Heap before GC invocations=836 (full 3):
 PSYoungGen      total 6144K, used 5856K [0x00000000d5580000, 0x00000000d5c80000, 0x0000000100000000)
  eden space 5120K, 100% used [0x00000000d5580000,0x00000000d5a80000,0x00000000d5a80000)
  from space 1024K, 71% used [0x00000000d5b80000,0x00000000d5c38000,0x00000000d5c80000)
  to   space 1024K, 0% used [0x00000000d5a80000,0x00000000d5a80000,0x00000000d5b80000)
 ParOldGen       total 535040K, used 534610K [0x0000000080000000, 0x00000000a0a80000, 0x00000000d5580000)
  object space 535040K, 99% used [0x0000000080000000,0x00000000a0a14828,0x00000000a0a80000)
 Metaspace       used 69080K, committed 70592K, reserved 1114112K
  class space    used 7204K, committed 7808K, reserved 1048576K
}
Event: 27.537 GC heap after
{Heap after GC invocations=836 (full 3):
 PSYoungGen      total 6144K, used 704K [0x00000000d5580000, 0x00000000d5c80000, 0x0000000100000000)
  eden space 5120K, 0% used [0x00000000d5580000,0x00000000d5580000,0x00000000d5a80000)
  from space 1024K, 68% used [0x00000000d5a80000,0x00000000d5b30000,0x00000000d5b80000)
  to   space 1024K, 0% used [0x00000000d5b80000,0x00000000d5b80000,0x00000000d5c80000)
 ParOldGen       total 535552K, used 535194K [0x0000000080000000, 0x00000000a0b00000, 0x00000000d5580000)
  object space 535552K, 99% used [0x0000000080000000,0x00000000a0aa6828,0x00000000a0b00000)
 Metaspace       used 69080K, committed 70592K, reserved 1114112K
  class space    used 7204K, committed 7808K, reserved 1048576K
}
Event: 27.546 GC heap before
{Heap before GC invocations=837 (full 3):
 PSYoungGen      total 6144K, used 5824K [0x00000000d5580000, 0x00000000d5c80000, 0x0000000100000000)
  eden space 5120K, 100% used [0x00000000d5580000,0x00000000d5a80000,0x00000000d5a80000)
  from space 1024K, 68% used [0x00000000d5a80000,0x00000000d5b30000,0x00000000d5b80000)
  to   space 1024K, 0% used [0x00000000d5b80000,0x00000000d5b80000,0x00000000d5c80000)
 ParOldGen       total 535552K, used 535194K [0x0000000080000000, 0x00000000a0b00000, 0x00000000d5580000)
  object space 535552K, 99% used [0x0000000080000000,0x00000000a0aa6828,0x00000000a0b00000)
 Metaspace       used 69080K, committed 70592K, reserved 1114112K
  class space    used 7204K, committed 7808K, reserved 1048576K
}
Event: 27.548 GC heap after
{Heap after GC invocations=837 (full 3):
 PSYoungGen      total 6144K, used 940K [0x00000000d5580000, 0x00000000d5c80000, 0x0000000100000000)
  eden space 5120K, 0% used [0x00000000d5580000,0x00000000d5580000,0x00000000d5a80000)
  from space 1024K, 91% used [0x00000000d5b80000,0x00000000d5c6b2c0,0x00000000d5c80000)
  to   space 1024K, 0% used [0x00000000d5a80000,0x00000000d5a80000,0x00000000d5b80000)
 ParOldGen       total 536064K, used 535762K [0x0000000080000000, 0x00000000a0b80000, 0x00000000d5580000)
  object space 536064K, 99% used [0x0000000080000000,0x00000000a0b34828,0x00000000a0b80000)
 Metaspace       used 69080K, committed 70592K, reserved 1114112K
  class space    used 7204K, committed 7808K, reserved 1048576K
}
Event: 27.557 GC heap before
{Heap before GC invocations=838 (full 3):
 PSYoungGen      total 6144K, used 6060K [0x00000000d5580000, 0x00000000d5c80000, 0x0000000100000000)
  eden space 5120K, 100% used [0x00000000d5580000,0x00000000d5a80000,0x00000000d5a80000)
  from space 1024K, 91% used [0x00000000d5b80000,0x00000000d5c6b2c0,0x00000000d5c80000)
  to   space 1024K, 0% used [0x00000000d5a80000,0x00000000d5a80000,0x00000000d5b80000)
 ParOldGen       total 536064K, used 535762K [0x0000000080000000, 0x00000000a0b80000, 0x00000000d5580000)
  object space 536064K, 99% used [0x0000000080000000,0x00000000a0b34828,0x00000000a0b80000)
 Metaspace       used 69080K, committed 70592K, reserved 1114112K
  class space    used 7204K, committed 7808K, reserved 1048576K
}
Event: 27.559 GC heap after
{Heap after GC invocations=838 (full 3):
 PSYoungGen      total 6144K, used 768K [0x00000000d5580000, 0x00000000d5c80000, 0x0000000100000000)
  eden space 5120K, 0% used [0x00000000d5580000,0x00000000d5580000,0x00000000d5a80000)
  from space 1024K, 75% used [0x00000000d5a80000,0x00000000d5b40000,0x00000000d5b80000)
  to   space 1024K, 0% used [0x00000000d5b80000,0x00000000d5b80000,0x00000000d5c80000)
 ParOldGen       total 536576K, used 536463K [0x0000000080000000, 0x00000000a0c00000, 0x00000000d5580000)
  object space 536576K, 99% used [0x0000000080000000,0x00000000a0be3e40,0x00000000a0c00000)
 Metaspace       used 69080K, committed 70592K, reserved 1114112K
  class space    used 7204K, committed 7808K, reserved 1048576K
}
Event: 27.568 GC heap before
{Heap before GC invocations=839 (full 3):
 PSYoungGen      total 6144K, used 5888K [0x00000000d5580000, 0x00000000d5c80000, 0x0000000100000000)
  eden space 5120K, 100% used [0x00000000d5580000,0x00000000d5a80000,0x00000000d5a80000)
  from space 1024K, 75% used [0x00000000d5a80000,0x00000000d5b40000,0x00000000d5b80000)
  to   space 1024K, 0% used [0x00000000d5b80000,0x00000000d5b80000,0x00000000d5c80000)
 ParOldGen       total 536576K, used 536463K [0x0000000080000000, 0x00000000a0c00000, 0x00000000d5580000)
  object space 536576K, 99% used [0x0000000080000000,0x00000000a0be3e40,0x00000000a0c00000)
 Metaspace       used 69080K, committed 70592K, reserved 1114112K
  class space    used 7204K, committed 7808K, reserved 1048576K
}
Event: 27.570 GC heap after
{Heap after GC invocations=839 (full 3):
 PSYoungGen      total 6144K, used 640K [0x00000000d5580000, 0x00000000d5c80000, 0x0000000100000000)
  eden space 5120K, 0% used [0x00000000d5580000,0x00000000d5580000,0x00000000d5a80000)
  from space 1024K, 62% used [0x00000000d5b80000,0x00000000d5c20000,0x00000000d5c80000)
  to   space 1024K, 0% used [0x00000000d5a80000,0x00000000d5a80000,0x00000000d5b80000)
 ParOldGen       total 537600K, used 537096K [0x0000000080000000, 0x00000000a0d00000, 0x00000000d5580000)
  object space 537600K, 99% used [0x0000000080000000,0x00000000a0c82250,0x00000000a0d00000)
 Metaspace       used 69080K, committed 70592K, reserved 1114112K
  class space    used 7204K, committed 7808K, reserved 1048576K
}
Event: 27.581 GC heap before
{Heap before GC invocations=840 (full 3):
 PSYoungGen      total 6144K, used 5760K [0x00000000d5580000, 0x00000000d5c80000, 0x0000000100000000)
  eden space 5120K, 100% used [0x00000000d5580000,0x00000000d5a80000,0x00000000d5a80000)
  from space 1024K, 62% used [0x00000000d5b80000,0x00000000d5c20000,0x00000000d5c80000)
  to   space 1024K, 0% used [0x00000000d5a80000,0x00000000d5a80000,0x00000000d5b80000)
 ParOldGen       total 537600K, used 537096K [0x0000000080000000, 0x00000000a0d00000, 0x00000000d5580000)
  object space 537600K, 99% used [0x0000000080000000,0x00000000a0c82250,0x00000000a0d00000)
 Metaspace       used 69080K, committed 70592K, reserved 1114112K
  class space    used 7204K, committed 7808K, reserved 1048576K
}
Event: 27.583 GC heap after
{Heap after GC invocations=840 (full 3):
 PSYoungGen      total 6144K, used 800K [0x00000000d5580000, 0x00000000d5c80000, 0x0000000100000000)
  eden space 5120K, 0% used [0x00000000d5580000,0x00000000d5580000,0x00000000d5a80000)
  from space 1024K, 78% used [0x00000000d5a80000,0x00000000d5b48000,0x00000000d5b80000)
  to   space 1024K, 0% used [0x00000000d5b80000,0x00000000d5b80000,0x00000000d5c80000)
 ParOldGen       total 538112K, used 537624K [0x0000000080000000, 0x00000000a0d80000, 0x00000000d5580000)
  object space 538112K, 99% used [0x0000000080000000,0x00000000a0d06250,0x00000000a0d80000)
 Metaspace       used 69080K, committed 70592K, reserved 1114112K
  class space    used 7204K, committed 7808K, reserved 1048576K
}
Event: 27.593 GC heap before
{Heap before GC invocations=841 (full 3):
 PSYoungGen      total 6144K, used 5920K [0x00000000d5580000, 0x00000000d5c80000, 0x0000000100000000)
  eden space 5120K, 100% used [0x00000000d5580000,0x00000000d5a80000,0x00000000d5a80000)
  from space 1024K, 78% used [0x00000000d5a80000,0x00000000d5b48000,0x00000000d5b80000)
  to   space 1024K, 0% used [0x00000000d5b80000,0x00000000d5b80000,0x00000000d5c80000)
 ParOldGen       total 538112K, used 537624K [0x0000000080000000, 0x00000000a0d80000, 0x00000000d5580000)
  object space 538112K, 99% used [0x0000000080000000,0x00000000a0d06250,0x00000000a0d80000)
 Metaspace       used 69080K, committed 70592K, reserved 1114112K
  class space    used 7204K, committed 7808K, reserved 1048576K
}
Event: 27.594 GC heap after
{Heap after GC invocations=841 (full 3):
 PSYoungGen      total 6144K, used 896K [0x00000000d5580000, 0x00000000d5c80000, 0x0000000100000000)
  eden space 5120K, 0% used [0x00000000d5580000,0x00000000d5580000,0x00000000d5a80000)
  from space 1024K, 87% used [0x00000000d5b80000,0x00000000d5c60000,0x00000000d5c80000)
  to   space 1024K, 0% used [0x00000000d5a80000,0x00000000d5a80000,0x00000000d5b80000)
 ParOldGen       total 538624K, used 538337K [0x0000000080000000, 0x00000000a0e00000, 0x00000000d5580000)
  object space 538624K, 99% used [0x0000000080000000,0x00000000a0db8660,0x00000000a0e00000)
 Metaspace       used 69080K, committed 70592K, reserved 1114112K
  class space    used 7204K, committed 7808K, reserved 1048576K
}
Event: 27.611 GC heap before
{Heap before GC invocations=842 (full 3):
 PSYoungGen      total 6144K, used 5756K [0x00000000d5580000, 0x00000000d5c80000, 0x0000000100000000)
  eden space 5120K, 94% used [0x00000000d5580000,0x00000000d5a3f318,0x00000000d5a80000)
  from space 1024K, 87% used [0x00000000d5b80000,0x00000000d5c60000,0x00000000d5c80000)
  to   space 1024K, 0% used [0x00000000d5a80000,0x00000000d5a80000,0x00000000d5b80000)
 ParOldGen       total 538624K, used 538337K [0x0000000080000000, 0x00000000a0e00000, 0x00000000d5580000)
  object space 538624K, 99% used [0x0000000080000000,0x00000000a0db8660,0x00000000a0e00000)
 Metaspace       used 69080K, committed 70592K, reserved 1114112K
  class space    used 7204K, committed 7808K, reserved 1048576K
}
Event: 27.612 GC heap after
{Heap after GC invocations=842 (full 3):
 PSYoungGen      total 6144K, used 704K [0x00000000d5580000, 0x00000000d5c80000, 0x0000000100000000)
  eden space 5120K, 0% used [0x00000000d5580000,0x00000000d5580000,0x00000000d5a80000)
  from space 1024K, 68% used [0x00000000d5a80000,0x00000000d5b30000,0x00000000d5b80000)
  to   space 1024K, 0% used [0x00000000d5b80000,0x00000000d5b80000,0x00000000d5c80000)
 ParOldGen       total 539136K, used 539072K [0x0000000080000000, 0x00000000a0e80000, 0x00000000d5580000)
  object space 539136K, 99% used [0x0000000080000000,0x00000000a0e70078,0x00000000a0e80000)
 Metaspace       used 69080K, committed 70592K, reserved 1114112K
  class space    used 7204K, committed 7808K, reserved 1048576K
}

Dll operation events (12 events):
Event: 0.013 Loaded shared library c:\Users\thiag\.vscode\extensions\redhat.java-1.54.0-win32-x64\jre\21.0.10-win32-x86_64\bin\java.dll
Event: 0.079 Loaded shared library c:\Users\thiag\.vscode\extensions\redhat.java-1.54.0-win32-x64\jre\21.0.10-win32-x86_64\bin\zip.dll
Event: 0.095 Loaded shared library C:\Users\thiag\.vscode\extensions\redhat.java-1.54.0-win32-x64\jre\21.0.10-win32-x86_64\bin\instrument.dll
Event: 0.099 Loaded shared library C:\Users\thiag\.vscode\extensions\redhat.java-1.54.0-win32-x64\jre\21.0.10-win32-x86_64\bin\net.dll
Event: 0.100 Loaded shared library C:\Users\thiag\.vscode\extensions\redhat.java-1.54.0-win32-x64\jre\21.0.10-win32-x86_64\bin\nio.dll
Event: 0.102 Loaded shared library C:\Users\thiag\.vscode\extensions\redhat.java-1.54.0-win32-x64\jre\21.0.10-win32-x86_64\bin\zip.dll
Event: 0.121 Loaded shared library C:\Users\thiag\.vscode\extensions\redhat.java-1.54.0-win32-x64\jre\21.0.10-win32-x86_64\bin\jimage.dll
Event: 0.179 Loaded shared library c:\Users\thiag\.vscode\extensions\redhat.java-1.54.0-win32-x64\jre\21.0.10-win32-x86_64\bin\verify.dll
Event: 1.069 Loaded shared library C:\Users\thiag\AppData\Roaming\Code\User\globalStorage\redhat.java\1.54.0\config_win\org.eclipse.equinox.launcher\org.eclipse.equinox.launcher.win32.win32.x86_64_1.3.0.v20260203-2149\eclipse_11919.dll
Event: 4.014 Loaded shared library C:\Users\thiag\.vscode\extensions\redhat.java-1.54.0-win32-x64\jre\21.0.10-win32-x86_64\bin\management.dll
Event: 4.016 Loaded shared library C:\Users\thiag\.vscode\extensions\redhat.java-1.54.0-win32-x64\jre\21.0.10-win32-x86_64\bin\management_ext.dll
Event: 5.259 Loaded shared library C:\Users\thiag\AppData\Local\Temp\jna-110330715\jna14669209161524469209.dll

Deoptimization events (20 events):
Event: 27.532 Thread 0x0000013b04bd03c0 DEOPT PACKING pc=0x0000013b2711a4a2 sp=0x000000152c2fef40
Event: 27.532 Thread 0x0000013b04bd03c0 DEOPT UNPACKING pc=0x0000013b2c784242 sp=0x000000152c2fe4b8 mode 0
Event: 27.541 Thread 0x0000013b04bd03c0 DEOPT PACKING pc=0x0000013b2711a4a2 sp=0x000000152c2fef40
Event: 27.541 Thread 0x0000013b04bd03c0 DEOPT UNPACKING pc=0x0000013b2c784242 sp=0x000000152c2fe4b8 mode 0
Event: 27.551 Thread 0x0000013b04bd03c0 DEOPT PACKING pc=0x0000013b2711a4a2 sp=0x000000152c2fef40
Event: 27.551 Thread 0x0000013b04bd03c0 DEOPT UNPACKING pc=0x0000013b2c784242 sp=0x000000152c2fe4b8 mode 0
Event: 27.560 Thread 0x0000013b04bd03c0 DEOPT PACKING pc=0x0000013b2711a4a2 sp=0x000000152c2fef40
Event: 27.560 Thread 0x0000013b04bd03c0 DEOPT UNPACKING pc=0x0000013b2c784242 sp=0x000000152c2fe4b8 mode 0
Event: 27.566 Thread 0x0000013b04bd03c0 DEOPT PACKING pc=0x0000013b2711a4a2 sp=0x000000152c2fef40
Event: 27.566 Thread 0x0000013b04bd03c0 DEOPT UNPACKING pc=0x0000013b2c784242 sp=0x000000152c2fe4b8 mode 0
Event: 27.573 Thread 0x0000013b04bd03c0 DEOPT PACKING pc=0x0000013b2711aa4e sp=0x000000152c2fef40
Event: 27.573 Thread 0x0000013b04bd03c0 DEOPT UNPACKING pc=0x0000013b2c784242 sp=0x000000152c2fe4b8 mode 0
Event: 27.584 Thread 0x0000013b04bd03c0 DEOPT PACKING pc=0x0000013b2711a4a2 sp=0x000000152c2fef40
Event: 27.584 Thread 0x0000013b04bd03c0 DEOPT UNPACKING pc=0x0000013b2c784242 sp=0x000000152c2fe4b8 mode 0
Event: 27.590 Thread 0x0000013b04bd03c0 DEOPT PACKING pc=0x0000013b2711a4a2 sp=0x000000152c2fef40
Event: 27.590 Thread 0x0000013b04bd03c0 DEOPT UNPACKING pc=0x0000013b2c784242 sp=0x000000152c2fe4b8 mode 0
Event: 27.602 Thread 0x0000013b04bd03c0 DEOPT PACKING pc=0x0000013b2711a4a2 sp=0x000000152c2fef40
Event: 27.602 Thread 0x0000013b04bd03c0 DEOPT UNPACKING pc=0x0000013b2c784242 sp=0x000000152c2fe4b8 mode 0
Event: 27.625 Thread 0x0000013b04bd03c0 DEOPT PACKING pc=0x0000013b2711a4a2 sp=0x000000152c2fef40
Event: 27.625 Thread 0x0000013b04bd03c0 DEOPT UNPACKING pc=0x0000013b2c784242 sp=0x000000152c2fe4b8 mode 0

Classes loaded (20 events):
Event: 19.956 Loading class java/io/CharArrayWriter
Event: 19.956 Loading class java/io/CharArrayWriter done
Event: 19.964 Loading class java/nio/file/attribute/PosixFileAttributes
Event: 19.964 Loading class java/nio/file/attribute/PosixFileAttributes done
Event: 20.441 Loading class java/util/HashMap$EntrySpliterator
Event: 20.441 Loading class java/util/HashMap$EntrySpliterator done
Event: 20.858 Loading class jdk/internal/module/IllegalAccessLogger
Event: 20.858 Loading class jdk/internal/module/IllegalAccessLogger done
Event: 21.461 Loading class jdk/internal/module/IllegalAccessLogger
Event: 21.461 Loading class jdk/internal/module/IllegalAccessLogger done
Event: 21.683 Loading class java/util/stream/ReduceOps$5
Event: 21.683 Loading class java/util/stream/ReduceOps$5 done
Event: 21.683 Loading class java/util/stream/ReduceOps$CountingSink$OfRef
Event: 21.684 Loading class java/util/stream/ReduceOps$CountingSink
Event: 21.684 Loading class java/util/stream/ReduceOps$CountingSink done
Event: 21.684 Loading class java/util/stream/ReduceOps$CountingSink$OfRef done
Event: 21.802 Loading class java/util/stream/ReduceOps$1
Event: 21.802 Loading class java/util/stream/ReduceOps$1 done
Event: 21.802 Loading class java/util/stream/ReduceOps$1ReducingSink
Event: 21.803 Loading class java/util/stream/ReduceOps$1ReducingSink done

Classes unloaded (11 events):
Event: 4.551 Thread 0x0000013b38a94980 Unloading class 0x0000013b3a1af400 'java/lang/invoke/LambdaForm$MH+0x0000013b3a1af400'
Event: 4.551 Thread 0x0000013b38a94980 Unloading class 0x0000013b3a1af000 'java/lang/invoke/LambdaForm$MH+0x0000013b3a1af000'
Event: 4.551 Thread 0x0000013b38a94980 Unloading class 0x0000013b3a1aec00 'java/lang/invoke/LambdaForm$MH+0x0000013b3a1aec00'
Event: 4.551 Thread 0x0000013b38a94980 Unloading class 0x0000013b3a1ae800 'java/lang/invoke/LambdaForm$MH+0x0000013b3a1ae800'
Event: 4.551 Thread 0x0000013b38a94980 Unloading class 0x0000013b3a1ae400 'java/lang/invoke/LambdaForm$BMH+0x0000013b3a1ae400'
Event: 4.551 Thread 0x0000013b38a94980 Unloading class 0x0000013b3a1ae000 'java/lang/invoke/LambdaForm$DMH+0x0000013b3a1ae000'
Event: 4.551 Thread 0x0000013b38a94980 Unloading class 0x0000013b3a1acc00 'java/lang/invoke/LambdaForm$DMH+0x0000013b3a1acc00'
Event: 15.370 Thread 0x0000013b38a94980 Unloading class 0x0000013b3a5d5000 'java/lang/invoke/LambdaForm$DMH+0x0000013b3a5d5000'
Event: 15.370 Thread 0x0000013b38a94980 Unloading class 0x0000013b3a5d4c00 'java/lang/invoke/LambdaForm$DMH+0x0000013b3a5d4c00'
Event: 15.370 Thread 0x0000013b38a94980 Unloading class 0x0000013b3a5d4800 'java/lang/invoke/LambdaForm$DMH+0x0000013b3a5d4800'
Event: 15.370 Thread 0x0000013b38a94980 Unloading class 0x0000013b3a5d4400 'java/lang/invoke/LambdaForm$DMH+0x0000013b3a5d4400'

Classes redefined (0 events):
No events

Internal exceptions (20 events):
Event: 25.378 Thread 0x0000013b04bd03c0 Exception <a 'sun/nio/fs/WindowsException'{0x00000000d581d360}> (0x00000000d581d360) 
thrown [s\src\hotspot\share\prims\jni.cpp, line 520]
Event: 25.428 Thread 0x0000013b04bd03c0 Exception <a 'sun/nio/fs/WindowsException'{0x00000000d57018c0}> (0x00000000d57018c0) 
thrown [s\src\hotspot\share\prims\jni.cpp, line 520]
Event: 25.487 Thread 0x0000013b04bd03c0 Exception <a 'sun/nio/fs/WindowsException'{0x00000000d5707808}> (0x00000000d5707808) 
thrown [s\src\hotspot\share\prims\jni.cpp, line 520]
Event: 25.723 Thread 0x0000013b04bd03c0 Exception <a 'sun/nio/fs/WindowsException'{0x00000000d57d5088}> (0x00000000d57d5088) 
thrown [s\src\hotspot\share\prims\jni.cpp, line 520]
Event: 25.849 Thread 0x0000013b04bd03c0 Exception <a 'sun/nio/fs/WindowsException'{0x00000000d569d200}> (0x00000000d569d200) 
thrown [s\src\hotspot\share\prims\jni.cpp, line 520]
Event: 25.889 Thread 0x0000013b04bd03c0 Exception <a 'sun/nio/fs/WindowsException'{0x00000000d56bb558}> (0x00000000d56bb558) 
thrown [s\src\hotspot\share\prims\jni.cpp, line 520]
Event: 25.922 Thread 0x0000013b04bd03c0 Exception <a 'sun/nio/fs/WindowsException'{0x00000000d587c880}> (0x00000000d587c880) 
thrown [s\src\hotspot\share\prims\jni.cpp, line 520]
Event: 26.060 Thread 0x0000013b04bd03c0 Exception <a 'sun/nio/fs/WindowsException'{0x00000000d578a3a0}> (0x00000000d578a3a0) 
thrown [s\src\hotspot\share\prims\jni.cpp, line 520]
Event: 26.229 Thread 0x0000013b04bd03c0 Exception <a 'sun/nio/fs/WindowsException'{0x00000000d564b7c8}> (0x00000000d564b7c8) 
thrown [s\src\hotspot\share\prims\jni.cpp, line 520]
Event: 26.306 Thread 0x0000013b04bd03c0 Exception <a 'sun/nio/fs/WindowsException'{0x00000000d5708560}> (0x00000000d5708560) 
thrown [s\src\hotspot\share\prims\jni.cpp, line 520]
Event: 26.335 Thread 0x0000013b04bd03c0 Exception <a 'sun/nio/fs/WindowsException'{0x00000000d571fcd0}> (0x00000000d571fcd0) 
thrown [s\src\hotspot\share\prims\jni.cpp, line 520]
Event: 26.423 Thread 0x0000013b04bd03c0 Exception <a 'sun/nio/fs/WindowsException'{0x00000000d5653c50}> (0x00000000d5653c50) 
thrown [s\src\hotspot\share\prims\jni.cpp, line 520]
Event: 26.596 Thread 0x0000013b04bd03c0 Exception <a 'sun/nio/fs/WindowsException'{0x00000000d57c86e8}> (0x00000000d57c86e8) 
thrown [s\src\hotspot\share\prims\jni.cpp, line 520]
Event: 26.677 Thread 0x0000013b04bd03c0 Exception <a 'sun/nio/fs/WindowsException'{0x00000000d59d2910}> (0x00000000d59d2910) 
thrown [s\src\hotspot\share\prims\jni.cpp, line 520]
Event: 26.717 Thread 0x0000013b04bd03c0 Exception <a 'sun/nio/fs/WindowsException'{0x00000000d57b9af0}> (0x00000000d57b9af0) 
thrown [s\src\hotspot\share\prims\jni.cpp, line 520]
Event: 26.878 Thread 0x0000013b04bd03c0 Exception <a 'sun/nio/fs/WindowsException'{0x00000000d55d5af0}> (0x00000000d55d5af0) 
thrown [s\src\hotspot\share\prims\jni.cpp, line 520]
Event: 26.912 Thread 0x0000013b04bd03c0 Exception <a 'sun/nio/fs/WindowsException'{0x00000000d55ed628}> (0x00000000d55ed628) 
thrown [s\src\hotspot\share\prims\jni.cpp, line 520]
Event: 26.951 Thread 0x0000013b04bd03c0 Exception <a 'sun/nio/fs/WindowsException'{0x00000000d5606048}> (0x00000000d5606048) 
thrown [s\src\hotspot\share\prims\jni.cpp, line 520]
Event: 27.021 Thread 0x0000013b04bd03c0 Exception <a 'sun/nio/fs/WindowsException'{0x00000000d58e41c8}> (0x00000000d58e41c8) 
thrown [s\src\hotspot\share\prims\jni.cpp, line 520]
Event: 27.114 Thread 0x0000013b04bd03c0 Exception <a 'sun/nio/fs/WindowsException'{0x00000000d5854808}> (0x00000000d5854808) 
thrown [s\src\hotspot\share\prims\jni.cpp, line 520]

ZGC Phase Switch (0 events):
No events

VM Operations (20 events):
Event: 27.508 Executing safepoint VM operation: ParallelGCFailedAllocation (Allocation Failure)
Event: 27.510 Executing safepoint VM operation: ParallelGCFailedAllocation (Allocation Failure) done
Event: 27.518 Executing safepoint VM operation: ParallelGCFailedAllocation (Allocation Failure)
Event: 27.520 Executing safepoint VM operation: ParallelGCFailedAllocation (Allocation Failure) done
Event: 27.528 Executing safepoint VM operation: ParallelGCFailedAllocation (Allocation Failure)
Event: 27.529 Executing safepoint VM operation: ParallelGCFailedAllocation (Allocation Failure) done
Event: 27.536 Executing safepoint VM operation: ParallelGCFailedAllocation (Allocation Failure)
Event: 27.537 Executing safepoint VM operation: ParallelGCFailedAllocation (Allocation Failure) done
Event: 27.546 Executing safepoint VM operation: ParallelGCFailedAllocation (Allocation Failure)
Event: 27.548 Executing safepoint VM operation: ParallelGCFailedAllocation (Allocation Failure) done
Event: 27.557 Executing safepoint VM operation: ParallelGCFailedAllocation (Allocation Failure)
Event: 27.559 Executing safepoint VM operation: ParallelGCFailedAllocation (Allocation Failure) done
Event: 27.568 Executing safepoint VM operation: ParallelGCFailedAllocation (Allocation Failure)
Event: 27.570 Executing safepoint VM operation: ParallelGCFailedAllocation (Allocation Failure) done
Event: 27.581 Executing safepoint VM operation: ParallelGCFailedAllocation (Allocation Failure)
Event: 27.583 Executing safepoint VM operation: ParallelGCFailedAllocation (Allocation Failure) done
Event: 27.592 Executing safepoint VM operation: ParallelGCFailedAllocation (Allocation Failure)
Event: 27.594 Executing safepoint VM operation: ParallelGCFailedAllocation (Allocation Failure) done
Event: 27.611 Executing safepoint VM operation: ParallelGCFailedAllocation (Allocation Failure)
Event: 27.612 Executing safepoint VM operation: ParallelGCFailedAllocation (Allocation Failure) done

Memory protections (0 events):
No events

Nmethod flushes (20 events):
Event: 15.386 Thread 0x0000013b38a94980 flushing  nmethod 0x0000013b25968910
Event: 15.386 Thread 0x0000013b38a94980 flushing  nmethod 0x0000013b25968c90
Event: 15.386 Thread 0x0000013b38a94980 flushing  nmethod 0x0000013b25976a10
Event: 15.386 Thread 0x0000013b38a94980 flushing  nmethod 0x0000013b259adf10
Event: 15.386 Thread 0x0000013b38a94980 flushing  nmethod 0x0000013b259ba910
Event: 15.386 Thread 0x0000013b38a94980 flushing  nmethod 0x0000013b259bf410
Event: 15.386 Thread 0x0000013b38a94980 flushing  nmethod 0x0000013b259c0190
Event: 15.386 Thread 0x0000013b38a94980 flushing  nmethod 0x0000013b259c0d90
Event: 15.386 Thread 0x0000013b38a94980 flushing  nmethod 0x0000013b259c1810
Event: 15.386 Thread 0x0000013b38a94980 flushing  nmethod 0x0000013b259c3390
Event: 15.386 Thread 0x0000013b38a94980 flushing  nmethod 0x0000013b259cb110
Event: 15.386 Thread 0x0000013b38a94980 flushing  nmethod 0x0000013b259d1690
Event: 15.386 Thread 0x0000013b38a94980 flushing  nmethod 0x0000013b259d4590
Event: 15.386 Thread 0x0000013b38a94980 flushing  nmethod 0x0000013b259e5790
Event: 15.386 Thread 0x0000013b38a94980 flushing  nmethod 0x0000013b259f6e90
Event: 15.386 Thread 0x0000013b38a94980 flushing  nmethod 0x0000013b25a07d90
Event: 15.386 Thread 0x0000013b38a94980 flushing  nmethod 0x0000013b25a1a210
Event: 15.386 Thread 0x0000013b38a94980 flushing  nmethod 0x0000013b25a2f010
Event: 15.386 Thread 0x0000013b38a94980 flushing  nmethod 0x0000013b25a2fc90
Event: 15.386 Thread 0x0000013b38a94980 flushing  nmethod 0x0000013b25a42490

Events (20 events):
Event: 18.906 Thread 0x0000013b04bcf6a0 Thread added: 0x0000013b0955cc90
Event: 18.926 Thread 0x0000013b04bcf6a0 Thread added: 0x0000013b09559810
Event: 19.701 Thread 0x0000013b04bd0a50 Thread added: 0x0000013b0955d9b0
Event: 19.701 Thread 0x0000013b04bd0a50 Thread added: 0x0000013b0955f3f0
Event: 19.701 Thread 0x0000013b04bd0a50 Thread added: 0x0000013b095607a0
Event: 19.701 Thread 0x0000013b04bd0a50 Thread added: 0x0000013b0955e040
Event: 19.702 Thread 0x0000013b04bd0a50 Thread added: 0x0000013b0955e6d0
Event: 19.730 Thread 0x0000013b0955e040 Thread exited: 0x0000013b0955e040
Event: 19.730 Thread 0x0000013b0955d9b0 Thread exited: 0x0000013b0955d9b0
Event: 19.730 Thread 0x0000013b095607a0 Thread exited: 0x0000013b095607a0
Event: 19.730 Thread 0x0000013b0955e6d0 Thread exited: 0x0000013b0955e6d0
Event: 19.730 Thread 0x0000013b0955f3f0 Thread exited: 0x0000013b0955f3f0
Event: 22.106 Thread 0x0000013b08b5a860 Thread exited: 0x0000013b08b5a860
Event: 23.730 Thread 0x0000013b070342d0 Thread exited: 0x0000013b070342d0
Event: 23.757 Thread 0x0000013b220b9560 Thread added: 0x0000013b070342d0
Event: 24.210 Thread 0x0000013b070342d0 Thread exited: 0x0000013b070342d0
Event: 24.317 Thread 0x0000013b220b9560 Thread added: 0x0000013b070342d0
Event: 24.317 Thread 0x0000013b220b9560 Thread added: 0x0000013b08b5a860
Event: 26.166 Thread 0x0000013b08b5a860 Thread exited: 0x0000013b08b5a860
Event: 26.167 Thread 0x0000013b070342d0 Thread exited: 0x0000013b070342d0


Dynamic libraries:
0x00007ff6b6990000 - 0x00007ff6b699e000 	c:\Users\thiag\.vscode\extensions\redhat.java-1.54.0-win32-x64\jre\21.0.10-win32-x86_64\bin\java.exe
0x00007ffb718a0000 - 0x00007ffb71b07000 	C:\WINDOWS\SYSTEM32\ntdll.dll
0x00007ffb71110000 - 0x00007ffb711d9000 	C:\WINDOWS\System32\KERNEL32.DLL
0x00007ffb6e390000 - 0x00007ffb6e781000 	C:\WINDOWS\System32\KERNELBASE.dll
0x00007ffb6e870000 - 0x00007ffb6e9bb000 	C:\WINDOWS\System32\ucrtbase.dll
0x00007ffb5ceb0000 - 0x00007ffb5cece000 	c:\Users\thiag\.vscode\extensions\redhat.java-1.54.0-win32-x64\jre\21.0.10-win32-x86_64\bin\VCRUNTIME140.dll
0x00007ffb5ce90000 - 0x00007ffb5cea8000 	c:\Users\thiag\.vscode\extensions\redhat.java-1.54.0-win32-x64\jre\21.0.10-win32-x86_64\bin\jli.dll
0x00007ffb6f750000 - 0x00007ffb6f915000 	C:\WINDOWS\System32\USER32.dll
0x00007ffb6e840000 - 0x00007ffb6e867000 	C:\WINDOWS\System32\win32u.dll
0x00007ffb4c950000 - 0x00007ffb4cbe3000 	C:\WINDOWS\WinSxS\amd64_microsoft.windows.common-controls_6595b64144ccf1df_6.0.26100.8037_none_3e092faae333b53b\COMCTL32.dll
0x00007ffb70b70000 - 0x00007ffb70b9b000 	C:\WINDOWS\System32\GDI32.dll
0x00007ffb71060000 - 0x00007ffb71109000 	C:\WINDOWS\System32\msvcrt.dll
0x00007ffb6f510000 - 0x00007ffb6f63b000 	C:\WINDOWS\System32\gdi32full.dll
0x00007ffb6e790000 - 0x00007ffb6e833000 	C:\WINDOWS\System32\msvcp_win.dll
0x00007ffb716e0000 - 0x00007ffb71711000 	C:\WINDOWS\System32\IMM32.DLL
0x00007ffb69830000 - 0x00007ffb6983c000 	c:\Users\thiag\.vscode\extensions\redhat.java-1.54.0-win32-x64\jre\21.0.10-win32-x86_64\bin\vcruntime140_1.dll
0x00007ffb35120000 - 0x00007ffb351ad000 	c:\Users\thiag\.vscode\extensions\redhat.java-1.54.0-win32-x64\jre\21.0.10-win32-x86_64\bin\msvcp140.dll
0x00007ffaed690000 - 0x00007ffaee431000 	c:\Users\thiag\.vscode\extensions\redhat.java-1.54.0-win32-x64\jre\21.0.10-win32-x86_64\bin\server\jvm.dll
0x00007ffb70ab0000 - 0x00007ffb70b6b000 	C:\WINDOWS\System32\ADVAPI32.dll
0x00007ffb6f640000 - 0x00007ffb6f6e7000 	C:\WINDOWS\System32\sechost.dll
0x00007ffb71740000 - 0x00007ffb71858000 	C:\WINDOWS\System32\RPCRT4.dll
0x00007ffb70520000 - 0x00007ffb70594000 	C:\WINDOWS\System32\WS2_32.dll
0x00007ffb6dfe0000 - 0x00007ffb6e03e000 	C:\WINDOWS\SYSTEM32\POWRPROF.dll
0x00007ffb67350000 - 0x00007ffb6735b000 	C:\WINDOWS\SYSTEM32\VERSION.dll
0x00007ffb61760000 - 0x00007ffb61795000 	C:\WINDOWS\SYSTEM32\WINMM.dll
0x00007ffb6dfc0000 - 0x00007ffb6dfd4000 	C:\WINDOWS\SYSTEM32\UMPDC.dll
0x00007ffb6ce70000 - 0x00007ffb6ce8b000 	C:\WINDOWS\SYSTEM32\kernel.appcore.dll
0x00007ffb68090000 - 0x00007ffb6809a000 	c:\Users\thiag\.vscode\extensions\redhat.java-1.54.0-win32-x64\jre\21.0.10-win32-x86_64\bin\jimage.dll
0x00007ffb4f8b0000 - 0x00007ffb4faf2000 	C:\WINDOWS\SYSTEM32\DBGHELP.DLL
0x00007ffb705a0000 - 0x00007ffb70922000 	C:\WINDOWS\System32\combase.dll
0x00007ffb709d0000 - 0x00007ffb70aa7000 	C:\WINDOWS\System32\OLEAUT32.dll
0x00007ffb5c730000 - 0x00007ffb5c76b000 	C:\WINDOWS\SYSTEM32\dbgcore.DLL
0x00007ffb6f230000 - 0x00007ffb6f2d5000 	C:\WINDOWS\System32\bcryptPrimitives.dll
0x00007ffb649b0000 - 0x00007ffb649bf000 	c:\Users\thiag\.vscode\extensions\redhat.java-1.54.0-win32-x64\jre\21.0.10-win32-x86_64\bin\instrument.dll
0x00007ffb54670000 - 0x00007ffb54690000 	c:\Users\thiag\.vscode\extensions\redhat.java-1.54.0-win32-x64\jre\21.0.10-win32-x86_64\bin\java.dll
0x00007ffb6fdb0000 - 0x00007ffb7050f000 	C:\WINDOWS\System32\SHELL32.dll
0x00007ffb6f3a0000 - 0x00007ffb6f50a000 	C:\WINDOWS\System32\wintypes.dll
0x00007ffb6e9c0000 - 0x00007ffb6f224000 	C:\WINDOWS\System32\windows.storage.dll
0x00007ffb70f60000 - 0x00007ffb71057000 	C:\WINDOWS\System32\SHCORE.dll
0x00007ffb70c60000 - 0x00007ffb70cc7000 	C:\WINDOWS\System32\shlwapi.dll
0x00007ffb6e0a0000 - 0x00007ffb6e0c9000 	C:\WINDOWS\SYSTEM32\profapi.dll
0x00007ffb54650000 - 0x00007ffb54668000 	c:\Users\thiag\.vscode\extensions\redhat.java-1.54.0-win32-x64\jre\21.0.10-win32-x86_64\bin\zip.dll
0x00007ffb5cf20000 - 0x00007ffb5cf30000 	C:\Users\thiag\.vscode\extensions\redhat.java-1.54.0-win32-x64\jre\21.0.10-win32-x86_64\bin\net.dll
0x00007ffb66b00000 - 0x00007ffb66c27000 	C:\WINDOWS\SYSTEM32\WINHTTP.dll
0x00007ffb6d480000 - 0x00007ffb6d4eb000 	C:\WINDOWS\system32\mswsock.dll
0x00007ffb53a90000 - 0x00007ffb53aa6000 	C:\Users\thiag\.vscode\extensions\redhat.java-1.54.0-win32-x64\jre\21.0.10-win32-x86_64\bin\nio.dll
0x00007ffb56f10000 - 0x00007ffb56f20000 	c:\Users\thiag\.vscode\extensions\redhat.java-1.54.0-win32-x64\jre\21.0.10-win32-x86_64\bin\verify.dll
0x00007ffb428e0000 - 0x00007ffb42925000 	C:\Users\thiag\AppData\Roaming\Code\User\globalStorage\redhat.java\1.54.0\config_win\org.eclipse.equinox.launcher\org.eclipse.equinox.launcher.win32.win32.x86_64_1.3.0.v20260203-2149\eclipse_11919.dll
0x00007ffb71330000 - 0x00007ffb714c5000 	C:\WINDOWS\System32\ole32.dll
0x00007ffb552e0000 - 0x00007ffb552ea000 	C:\Users\thiag\.vscode\extensions\redhat.java-1.54.0-win32-x64\jre\21.0.10-win32-x86_64\bin\management.dll
0x00007ffb547f0000 - 0x00007ffb547fc000 	C:\Users\thiag\.vscode\extensions\redhat.java-1.54.0-win32-x64\jre\21.0.10-win32-x86_64\bin\management_ext.dll
0x00007ffb71720000 - 0x00007ffb71728000 	C:\WINDOWS\System32\PSAPI.DLL
0x00007ffb6d760000 - 0x00007ffb6d77b000 	C:\WINDOWS\SYSTEM32\CRYPTSP.dll
0x00007ffb6ce90000 - 0x00007ffb6cec9000 	C:\WINDOWS\system32\rsaenh.dll
0x00007ffb6d530000 - 0x00007ffb6d562000 	C:\WINDOWS\SYSTEM32\USERENV.dll
0x00007ffb6e070000 - 0x00007ffb6e09a000 	C:\WINDOWS\SYSTEM32\bcrypt.dll
0x00007ffb6d780000 - 0x00007ffb6d78c000 	C:\WINDOWS\SYSTEM32\CRYPTBASE.dll
0x00007ffb6c8e0000 - 0x00007ffb6c913000 	C:\WINDOWS\SYSTEM32\IPHLPAPI.DLL
0x00007ffb70930000 - 0x00007ffb7093a000 	C:\WINDOWS\System32\NSI.dll
0x00007ffb37aa0000 - 0x00007ffb37ae9000 	C:\Users\thiag\AppData\Local\Temp\jna-110330715\jna14669209161524469209.dll
0x00007ffb68540000 - 0x00007ffb6855d000 	C:\WINDOWS\SYSTEM32\dhcpcsvc6.DLL
0x00007ffb67320000 - 0x00007ffb67343000 	C:\WINDOWS\SYSTEM32\dhcpcsvc.DLL
0x00007ffb6d030000 - 0x00007ffb6d066000 	C:\WINDOWS\SYSTEM32\ntmarta.dll

JVMTI agents:
c:\Users\thiag\.vscode\extensions\redhat.java-1.54.0-win32-x64\lombok\lombok-1.18.39-4050.jar path:c:\Users\thiag\.vscode\extensions\redhat.java-1.54.0-win32-x64\jre\21.0.10-win32-x86_64\bin\instrument.dll, loaded, initialized, instrumentlib options:none

dbghelp: loaded successfully - version: 4.0.5 - missing functions: none
symbol engine: initialized successfully - sym options: 0x614 - pdb path: .;c:\Users\thiag\.vscode\extensions\redhat.java-1.54.0-win32-x64\jre\21.0.10-win32-x86_64\bin;C:\WINDOWS\SYSTEM32;C:\WINDOWS\WinSxS\amd64_microsoft.windows.common-controls_6595b64144ccf1df_6.0.26100.8037_none_3e092faae333b53b;c:\Users\thiag\.vscode\extensions\redhat.java-1.54.0-win32-x64\jre\21.0.10-win32-x86_64\bin\server;C:\Users\thiag\AppData\Roaming\Code\User\globalStorage\redhat.java\1.54.0\config_win\org.eclipse.equinox.launcher\org.eclipse.equinox.launcher.win32.win32.x86_64_1.3.0.v20260203-2149;C:\Users\thiag\AppData\Local\Temp\jna-110330715

VM Arguments:
jvm_args: --add-modules=ALL-SYSTEM --add-opens=java.base/java.util=ALL-UNNAMED --add-opens=java.base/java.lang=ALL-UNNAMED --add-opens=java.base/sun.nio.fs=ALL-UNNAMED -Declipse.application=org.eclipse.jdt.ls.core.id1 -Dosgi.bundles.defaultStartLevel=4 -Declipse.product=org.eclipse.jdt.ls.core.product -Djava.import.generatesMetadataFilesAtProjectRoot=false -DDetectVMInstallationsJob.disabled=true -Dfile.encoding=utf8 -XX:+UseParallelGC -XX:GCTimeRatio=4 -XX:AdaptiveSizePolicyWeight=90 -Dsun.zip.disableMemoryMapping=true -Xmx2G -Xms100m -Xlog:disable -javaagent:c:\Users\thiag\.vscode\extensions\redhat.java-1.54.0-win32-x64\lombok\lombok-1.18.39-4050.jar -XX:+HeapDumpOnOutOfMemoryError -XX:HeapDumpPath=c:\Users\thiag\AppData\Roaming\Code\User\workspaceStorage\6032074ec58f4167fceb86fd3e36ecb2\redhat.java -Daether.dependencyCollector.impl=bf 
java_command: c:\Users\thiag\.vscode\extensions\redhat.java-1.54.0-win32-x64\server\plugins\org.eclipse.equinox.launcher_1.7.100.v20251111-0406.jar -configuration c:\Users\thiag\AppData\Roaming\Code\User\globalStorage\redhat.java\1.54.0\config_win -data c:\Users\thiag\AppData\Roaming\Code\User\workspaceStorage\6032074ec58f4167fceb86fd3e36ecb2\redhat.java\jdt_ws --pipe=\\.\pipe\lsp-90e50214ec9a13798bb1ed2b0a43a574-sock
java_class_path (initial): c:\Users\thiag\.vscode\extensions\redhat.java-1.54.0-win32-x64\server\plugins\org.eclipse.equinox.launcher_1.7.100.v20251111-0406.jar
Launcher Type: SUN_STANDARD

[Global flags]
    uintx AdaptiveSizePolicyWeight                 = 90                                        {product} {command line}
     intx CICompilerCount                          = 4                                         {product} {ergonomic}
    uintx GCTimeRatio                              = 4                                         {product} {command line}
     bool HeapDumpOnOutOfMemoryError               = true                                   {manageable} {command line}
    ccstr HeapDumpPath                             = c:\Users\thiag\AppData\Roaming\Code\User\workspaceStorage\6032074ec58f4167fceb86fd3e36ecb2\redhat.java         {manageable} {command line}
   size_t InitialHeapSize                          = 104857600                                 {product} {command line}
   size_t MaxHeapSize                              = 2147483648                                {product} {command line}
   size_t MaxNewSize                               = 715653120                                 {product} {ergonomic}
   size_t MinHeapDeltaBytes                        = 524288                                    {product} {ergonomic}
   size_t MinHeapSize                              = 104857600                                 {product} {command line}
   size_t NewSize                                  = 34603008                                  {product} {ergonomic}
    uintx NonNMethodCodeHeapSize                   = 5839372                                {pd product} {ergonomic}
    uintx NonProfiledCodeHeapSize                  = 122909434                              {pd product} {ergonomic}
   size_t OldSize                                  = 70254592                                  {product} {ergonomic}
    uintx ProfiledCodeHeapSize                     = 122909434                              {pd product} {ergonomic}
    uintx ReservedCodeCacheSize                    = 251658240                              {pd product} {ergonomic}
     bool SegmentedCodeCache                       = true                                      {product} {ergonomic}
   size_t SoftMaxHeapSize                          = 2147483648                             {manageable} {ergonomic}
     bool UseCompressedOops                        = true                           {product lp64_product} {ergonomic}
     bool UseLargePagesIndividualAllocation        = false                                  {pd product} {ergonomic}
     bool UseParallelGC                            = true                                      {product} {command line}

Logging:
Log output configuration:
 #0: stdout all=off uptime,level,tags foldmultilines=false
 #1: stderr all=off uptime,level,tags foldmultilines=false

Release file:
JAVA_VERSION="21.0.10" 
MODULES="java.base java.compiler java.datatransfer java.xml java.prefs java.desktop java.instrument java.logging java.management java.security.sasl java.naming java.rmi java.management.rmi java.net.http java.scripting java.security.jgss java.transaction.xa java.sql java.sql.rowset java.xml.crypto java.se java.smartcardio jdk.accessibility jdk.internal.jvmstat jdk.attach jdk.charsets jdk.internal.opt jdk.zipfs jdk.compiler jdk.crypto.ec jdk.crypto.cryptoki jdk.crypto.mscapi jdk.dynalink jdk.internal.ed jdk.editpad jdk.hotspot.agent jdk.httpserver jdk.internal.le jdk.internal.vm.ci jdk.internal.vm.compiler jdk.internal.vm.compiler.management jdk.jartool jdk.javadoc jdk.jcmd jdk.management jdk.management.agent jdk.jconsole jdk.jdeps jdk.jdwp.agent jdk.jdi jdk.jfr jdk.jshell jdk.jsobject jdk.jstatd jdk.localedata jdk.management.jfr jdk.naming.dns jdk.naming.rmi jdk.net jdk.nio.mapmode jdk.random jdk.sctp jdk.security.auth jdk.security.jgss jdk.unsupported jdk.unsupported.desktop jdk.xml.dom" 

Environment Variables:
PATH=C:\Users\thiag\AppData\Local\Programs\Microsoft VS Code;C:\Program Files\Common Files\Oracle\Java\javapath;C:\Windows\system32;C:\Windows;C:\Windows\System32\Wbem;C:\Windows\System32\WindowsPowerShell\v1.0\;C:\Windows\System32\OpenSSH\;C:\Program Files (x86)\NVIDIA Corporation\PhysX\Common;C:\Program Files\NVIDIA Corporation\NVIDIA NvDLISR;C:\Program Files (x86)\HP\Common\HPDestPlgIn\;C:\Program Files\Java\jdk-23\bin;C:\WINDOWS\system32;C:\WINDOWS;C:\WINDOWS\System32\Wbem;C:\WINDOWS\System32\WindowsPowerShell\v1.0\;C:\WINDOWS\System32\OpenSSH\;C:\Program Files\Git\cmd;C:\Program Files\nodejs\;C:\Program Files\Docker\Docker\resources\bin;C:\Users\thiag\AppData\Local\Microsoft\WindowsApps;C:\Program Files (x86)\HP\Common\HPDestPlgIn\;C:\Users\thiag\AppData\Local\JetBrains\Toolbox\scripts;;C:\Users\thiag\AppData\Local\Microsoft\WindowsApps;C:\Users\thiag\AppData\Roaming\npm;C:\Users\thiag\AppData\Local\Programs\Microsoft VS Code\bin
USERNAME=thiag
OS=Windows_NT
PROCESSOR_IDENTIFIER=Intel64 Family 6 Model 186 Stepping 3, GenuineIntel
TMP=C:\Users\thiag\AppData\Local\Temp
TEMP=C:\Users\thiag\AppData\Local\Temp




Periodic native trim disabled

---------------  S Y S T E M  ---------------

OS:
 Windows 11 , 64 bit Build 26100 (10.0.26100.7920)
OS uptime: 1 days 3:55 hours
Hyper-V role detected

CPU: total 12 (initial active 12) (6 cores per cpu, 2 threads per core) family 6 model 186 stepping 3 microcode 0x411f, cx8, cmov, fxsr, ht, mmx, 3dnowpref, sse, sse2, sse3, ssse3, sse4.1, sse4.2, popcnt, lzcnt, tsc, tscinvbit, avx, avx2, aes, erms, clmul, bmi1, bmi2, adx, sha, fma, vzeroupper, clflush, clflushopt, clwb, hv, serialize, rdtscp, rdpid, fsrm, f16c, cet_ibt, cet_ss
Processor Information for processor 0
  Max Mhz: 1400, Current Mhz: 1400, Mhz Limit: 1400
Processor Information for processor 1
  Max Mhz: 1400, Current Mhz: 1400, Mhz Limit: 1400
Processor Information for processor 2
  Max Mhz: 1400, Current Mhz: 1400, Mhz Limit: 1400
Processor Information for processor 3
  Max Mhz: 1400, Current Mhz: 1400, Mhz Limit: 1400
Processor Information for processor 4
  Max Mhz: 1400, Current Mhz: 900, Mhz Limit: 896
Processor Information for processor 5
  Max Mhz: 1400, Current Mhz: 900, Mhz Limit: 896
Processor Information for processor 6
  Max Mhz: 1400, Current Mhz: 900, Mhz Limit: 896
Processor Information for processor 7
  Max Mhz: 1400, Current Mhz: 900, Mhz Limit: 896
Processor Information for processor 8
  Max Mhz: 1400, Current Mhz: 900, Mhz Limit: 896
Processor Information for processor 9
  Max Mhz: 1400, Current Mhz: 900, Mhz Limit: 896
Processor Information for processor 10
  Max Mhz: 1400, Current Mhz: 900, Mhz Limit: 896
Processor Information for processor 11
  Max Mhz: 1400, Current Mhz: 900, Mhz Limit: 896

Memory: 4k page, system-wide physical 16067M (3177M free)
TotalPageFile size 16067M (AvailPageFile size 8M)
current process WorkingSet (physical memory assigned to process): 825M, peak: 826M
current process commit charge ("private bytes"): 859M, peak: 859M

vm_info: OpenJDK 64-Bit Server VM (21.0.10+7-LTS) for windows-amd64 JRE (21.0.10+7-LTS), built on 2026-01-20T00:00:00Z by "admin" with MS VC++ 17.12 (VS2022)

END.
