#
# There is insufficient memory for the Java Runtime Environment to continue.
# Native memory allocation (malloc) failed to allocate 1616576 bytes. Error detail: Chunk::new
# Possible reasons:
#   The system is out of physical RAM or swap space
#   This process is running with CompressedOops enabled, and the Java Heap may be blocking the growth of the native heap
# Possible solutions:
#   Reduce memory load on the system
#   Increase physical memory or swap space
#   Check if swap backing store is full
#   Decrease Java heap size (-Xmx/-Xms)
#   Decrease number of Java threads
#   Decrease Java thread stack sizes (-Xss)
#   Set larger code cache with -XX:ReservedCodeCacheSize=
#   JVM is running with Unscaled Compressed Oops mode in which the Java heap is
#     placed in the first 4GB address space. The Java Heap base address is the
#     maximum limit for the native heap growth. Please use -XX:HeapBaseMinAddress
#     to set the Java Heap base and to place the Java Heap above 4GB virtual address.
# This output file may be truncated or incomplete.
#
#  Out of Memory Error (arena.cpp:168), pid=6588, tid=17864
#
# JRE version: OpenJDK Runtime Environment Temurin-21.0.10+7 (21.0.10+7) (build 21.0.10+7-LTS)
# Java VM: OpenJDK 64-Bit Server VM Temurin-21.0.10+7 (21.0.10+7-LTS, mixed mode, sharing, tiered, compressed oops, compressed class ptrs, parallel gc, windows-amd64)
# No core dump will be written. Minidumps are not enabled by default on client versions of Windows
#

---------------  S U M M A R Y ------------

Command Line: --add-modules=ALL-SYSTEM --add-opens=java.base/java.util=ALL-UNNAMED --add-opens=java.base/java.lang=ALL-UNNAMED --add-opens=java.base/sun.nio.fs=ALL-UNNAMED -Declipse.application=org.eclipse.jdt.ls.core.id1 -Dosgi.bundles.defaultStartLevel=4 -Declipse.product=org.eclipse.jdt.ls.core.product -Djava.import.generatesMetadataFilesAtProjectRoot=false -DDetectVMInstallationsJob.disabled=true -Dfile.encoding=utf8 -XX:+UseParallelGC -XX:GCTimeRatio=4 -XX:AdaptiveSizePolicyWeight=90 -Dsun.zip.disableMemoryMapping=true -Xmx2G -Xms100m -Xlog:disable -javaagent:c:\Users\thiag\.vscode\extensions\redhat.java-1.54.0-win32-x64\lombok\lombok-1.18.39-4050.jar -XX:+HeapDumpOnOutOfMemoryError -XX:HeapDumpPath=c:\Users\thiag\AppData\Roaming\Code\User\workspaceStorage\6032074ec58f4167fceb86fd3e36ecb2\redhat.java -Daether.dependencyCollector.impl=bf c:\Users\thiag\.vscode\extensions\redhat.java-1.54.0-win32-x64\server\plugins\org.eclipse.equinox.launcher_1.7.100.v20251111-0406.jar -configuration c:\Users\thiag\AppData\Roaming\Code\User\globalStorage\redhat.java\1.54.0\config_win -data c:\Users\thiag\AppData\Roaming\Code\User\workspaceStorage\6032074ec58f4167fceb86fd3e36ecb2\redhat.java\jdt_ws --pipe=\\.\pipe\lsp-fd29a210724d52c6338500bf485e5c7b-sock

Host: Intel(R) Core(TM) 5 120U, 12 cores, 15G,  Windows 11 , 64 bit Build 26100 (10.0.26100.7920)
Time: Wed May 20 16:53:44 2026 Hora oficial do Brasil elapsed time: 10.178554 seconds (0d 0h 0m 10s)

---------------  T H R E A D  ---------------

Current thread (0x000001e30e66e7f0):  JavaThread "C2 CompilerThread0" daemon [_thread_in_native, id=17864, stack(0x0000006495f00000,0x0000006496000000) (1024K)]


Current CompileTask:
C2:10178 6041   !   4       org.eclipse.osgi.internal.loader.BundleLoader::findClass0 (490 bytes)

Stack: [0x0000006495f00000,0x0000006496000000]
Native frames: (J=compiled Java code, j=interpreted, Vv=VM code, C=native code)
V  [jvm.dll+0x6d7a39]
V  [jvm.dll+0x8b4b26]
V  [jvm.dll+0x8b70de]
V  [jvm.dll+0x8b77c3]
V  [jvm.dll+0x284346]
V  [jvm.dll+0xc66ed]
V  [jvm.dll+0xc6c31]
V  [jvm.dll+0x3bec3b]
V  [jvm.dll+0x1e3f69]
V  [jvm.dll+0x24c6b3]
V  [jvm.dll+0x24bb40]
V  [jvm.dll+0x1cb34e]
V  [jvm.dll+0x25b85d]
V  [jvm.dll+0x259dea]
V  [jvm.dll+0x3f857e]
V  [jvm.dll+0x85f59d]
V  [jvm.dll+0x6d626d]
C  [ucrtbase.dll+0x37b0]
C  [KERNEL32.DLL+0x2e8d7]
C  [ntdll.dll+0x8c48c]


---------------  P R O C E S S  ---------------

Threads class SMR info:
_java_thread_list=0x000001e36eaafdf0, length=45, elements={
0x000001e30c26acb0, 0x000001e30e65bec0, 0x000001e30e65cde0, 0x000001e30e6605b0,
0x000001e30e661db0, 0x000001e30e665030, 0x000001e30e6666a0, 0x000001e30e66e7f0,
0x000001e36736c8e0, 0x000001e367521320, 0x000001e3675e61f0, 0x000001e36d07b590,
0x000001e36d3ca920, 0x000001e3688b1410, 0x000001e3688b1a80, 0x000001e36d7ee5e0,
0x000001e36d8d4860, 0x000001e36d413dc0, 0x000001e36d3c10a0, 0x000001e36d3c1730,
0x000001e36834d730, 0x000001e36dbe0e40, 0x000001e36d3c1dc0, 0x000001e36d3be940,
0x000001e36d3bf660, 0x000001e36d3bfcf0, 0x000001e36d3c0380, 0x000001e36eac03e0,
0x000001e36eac1100, 0x000001e36eac1790, 0x000001e36eac0a70, 0x000001e36eabf6c0,
0x000001e36eac1e20, 0x000001e36eac24b0, 0x000001e36eac2b40, 0x000001e36eac31d0,
0x000001e36eabfd50, 0x000001e36eac5930, 0x000001e36eac6ce0, 0x000001e36eac3860,
0x000001e36eac4c10, 0x000001e36eac4580, 0x000001e36eac5fc0, 0x000001e36eac3ef0,
0x000001e36eac6650
}

Java Threads: ( => current thread )
  0x000001e30c26acb0 JavaThread "main"                              [_thread_blocked, id=17508, stack(0x0000006495500000,0x0000006495600000) (1024K)]
  0x000001e30e65bec0 JavaThread "Reference Handler"          daemon [_thread_blocked, id=4660, stack(0x0000006495900000,0x0000006495a00000) (1024K)]
  0x000001e30e65cde0 JavaThread "Finalizer"                  daemon [_thread_blocked, id=15504, stack(0x0000006495a00000,0x0000006495b00000) (1024K)]
  0x000001e30e6605b0 JavaThread "Signal Dispatcher"          daemon [_thread_blocked, id=21840, stack(0x0000006495b00000,0x0000006495c00000) (1024K)]
  0x000001e30e661db0 JavaThread "Attach Listener"            daemon [_thread_blocked, id=7412, stack(0x0000006495c00000,0x0000006495d00000) (1024K)]
  0x000001e30e665030 JavaThread "Service Thread"             daemon [_thread_blocked, id=2172, stack(0x0000006495d00000,0x0000006495e00000) (1024K)]
  0x000001e30e6666a0 JavaThread "Monitor Deflation Thread"   daemon [_thread_blocked, id=2024, stack(0x0000006495e00000,0x0000006495f00000) (1024K)]
=>0x000001e30e66e7f0 JavaThread "C2 CompilerThread0"         daemon [_thread_in_native, id=17864, stack(0x0000006495f00000,0x0000006496000000) (1024K)]
  0x000001e36736c8e0 JavaThread "C1 CompilerThread0"         daemon [_thread_blocked, id=13860, stack(0x0000006496000000,0x0000006496100000) (1024K)]
  0x000001e367521320 JavaThread "Common-Cleaner"             daemon [_thread_blocked, id=13996, stack(0x0000006496100000,0x0000006496200000) (1024K)]
  0x000001e3675e61f0 JavaThread "Notification Thread"        daemon [_thread_blocked, id=17876, stack(0x0000006496300000,0x0000006496400000) (1024K)]
  0x000001e36d07b590 JavaThread "Active Thread: Equinox Container: 7a777e9a-1d02-44c3-83d6-f069a3de89b6"        [_thread_blocked, id=11432, stack(0x0000006496b00000,0x0000006496c00000) (1024K)]
  0x000001e36d3ca920 JavaThread "Refresh Thread: Equinox Container: 7a777e9a-1d02-44c3-83d6-f069a3de89b6" daemon [_thread_blocked, id=10440, stack(0x0000006496d00000,0x0000006496e00000) (1024K)]
  0x000001e3688b1410 JavaThread "Framework Event Dispatcher: Equinox Container: 7a777e9a-1d02-44c3-83d6-f069a3de89b6" daemon [_thread_blocked, id=18332, stack(0x0000006496e00000,0x0000006496f00000) (1024K)]
  0x000001e3688b1a80 JavaThread "Start Level: Equinox Container: 7a777e9a-1d02-44c3-83d6-f069a3de89b6" daemon [_thread_blocked, id=18892, stack(0x0000006496f00000,0x0000006497000000) (1024K)]
  0x000001e36d7ee5e0 JavaThread "Bundle File Closer"         daemon [_thread_blocked, id=5204, stack(0x0000006497200000,0x0000006497300000) (1024K)]
  0x000001e36d8d4860 JavaThread "SCR Component Actor"        daemon [_thread_blocked, id=15720, stack(0x0000006496200000,0x0000006496300000) (1024K)]
  0x000001e36d413dc0 JavaThread "Worker-JM"                         [_thread_blocked, id=21412, stack(0x0000006497400000,0x0000006497500000) (1024K)]
  0x000001e36d3c10a0 JavaThread "Worker-0"                          [_thread_blocked, id=15672, stack(0x0000006497300000,0x0000006497400000) (1024K)]
  0x000001e36d3c1730 JavaThread "Worker-1"                          [_thread_blocked, id=3196, stack(0x0000006497500000,0x0000006497600000) (1024K)]
  0x000001e36834d730 JavaThread "C2 CompilerThread1"         daemon [_thread_in_native, id=1896, stack(0x0000006496400000,0x0000006496500000) (1024K)]
  0x000001e36dbe0e40 JavaThread "C2 CompilerThread2"         daemon [_thread_in_native, id=6084, stack(0x0000006497600000,0x0000006497700000) (1024K)]
  0x000001e36d3c1dc0 JavaThread "Java indexing"              daemon [_thread_blocked, id=20104, stack(0x0000006497700000,0x0000006497800000) (1024K)]
  0x000001e36d3be940 JavaThread "Worker-2"                          [_thread_blocked, id=8420, stack(0x0000006497800000,0x0000006497900000) (1024K)]
  0x000001e36d3bf660 JavaThread "Worker-3"                          [_thread_blocked, id=10680, stack(0x0000006497900000,0x0000006497a00000) (1024K)]
  0x000001e36d3bfcf0 JavaThread "JNA Cleaner"                daemon [_thread_blocked, id=13560, stack(0x0000006497a00000,0x0000006497b00000) (1024K)]
  0x000001e36d3c0380 JavaThread "Worker-4"                          [_thread_blocked, id=21300, stack(0x0000006497d00000,0x0000006497e00000) (1024K)]
  0x000001e36eac03e0 JavaThread "Worker-5"                          [_thread_blocked, id=18664, stack(0x0000006497e00000,0x0000006497f00000) (1024K)]
  0x000001e36eac1100 JavaThread "Thread-1"                   daemon [_thread_in_native, id=1512, stack(0x0000006497f00000,0x0000006498000000) (1024K)]
  0x000001e36eac1790 JavaThread "Thread-2"                   daemon [_thread_in_native, id=21028, stack(0x0000006498000000,0x0000006498100000) (1024K)]
  0x000001e36eac0a70 JavaThread "Thread-3"                   daemon [_thread_in_native, id=2252, stack(0x0000006498100000,0x0000006498200000) (1024K)]
  0x000001e36eabf6c0 JavaThread "Thread-4"                   daemon [_thread_in_native, id=18720, stack(0x0000006498200000,0x0000006498300000) (1024K)]
  0x000001e36eac1e20 JavaThread "Thread-5"                   daemon [_thread_in_native, id=20684, stack(0x0000006498300000,0x0000006498400000) (1024K)]
  0x000001e36eac24b0 JavaThread "Thread-6"                   daemon [_thread_in_native, id=2108, stack(0x0000006498400000,0x0000006498500000) (1024K)]
  0x000001e36eac2b40 JavaThread "Thread-7"                   daemon [_thread_in_native, id=21960, stack(0x0000006498500000,0x0000006498600000) (1024K)]
  0x000001e36eac31d0 JavaThread "Thread-8"                   daemon [_thread_in_native, id=15980, stack(0x0000006498600000,0x0000006498700000) (1024K)]
  0x000001e36eabfd50 JavaThread "Thread-9"                   daemon [_thread_in_native, id=6068, stack(0x0000006498700000,0x0000006498800000) (1024K)]
  0x000001e36eac5930 JavaThread "Thread-10"                  daemon [_thread_in_native, id=11156, stack(0x0000006498800000,0x0000006498900000) (1024K)]
  0x000001e36eac6ce0 JavaThread "Thread-11"                  daemon [_thread_in_native, id=18280, stack(0x0000006498900000,0x0000006498a00000) (1024K)]
  0x000001e36eac3860 JavaThread "Thread-12"                  daemon [_thread_in_native, id=9284, stack(0x0000006498a00000,0x0000006498b00000) (1024K)]
  0x000001e36eac4c10 JavaThread "Thread-13"                  daemon [_thread_in_native, id=7452, stack(0x0000006498b00000,0x0000006498c00000) (1024K)]
  0x000001e36eac4580 JavaThread "pool-2-thread-1"                   [_thread_blocked, id=22464, stack(0x0000006498c00000,0x0000006498d00000) (1024K)]
  0x000001e36eac5fc0 JavaThread "WorkspaceEventsHandler"            [_thread_blocked, id=6540, stack(0x0000006498e00000,0x0000006498f00000) (1024K)]
  0x000001e36eac3ef0 JavaThread "pool-1-thread-1"                   [_thread_in_vm, id=7744, stack(0x0000006498f00000,0x0000006499000000) (1024K)]
  0x000001e36eac6650 JavaThread "Keep-Alive-Timer"           daemon [_thread_blocked, id=10672, stack(0x0000006499000000,0x0000006499100000) (1024K)]
Total: 45

Other Threads:
  0x000001e30e544540 VMThread "VM Thread"                           [id=21292, stack(0x0000006495800000,0x0000006495900000) (1024K)]
  0x000001e30c273490 WatcherThread "VM Periodic Task Thread"        [id=6724, stack(0x0000006495700000,0x0000006495800000) (1024K)]
  0x000001e30e5d65c0 WorkerThread "GC Thread#0"                     [id=1720, stack(0x0000006495600000,0x0000006495700000) (1024K)]
  0x000001e3685a9b70 WorkerThread "GC Thread#1"                     [id=16684, stack(0x0000006496500000,0x0000006496600000) (1024K)]
  0x000001e3685a9f20 WorkerThread "GC Thread#2"                     [id=4404, stack(0x0000006496600000,0x0000006496700000) (1024K)]
  0x000001e36d032730 WorkerThread "GC Thread#3"                     [id=11532, stack(0x0000006496700000,0x0000006496800000) (1024K)]
  0x000001e36d032ae0 WorkerThread "GC Thread#4"                     [id=16024, stack(0x0000006496800000,0x0000006496900000) (1024K)]
  0x000001e36d032e90 WorkerThread "GC Thread#5"                     [id=14876, stack(0x0000006496900000,0x0000006496a00000) (1024K)]
  0x000001e36d033240 WorkerThread "GC Thread#6"                     [id=19908, stack(0x0000006496a00000,0x0000006496b00000) (1024K)]
  0x000001e36d093ae0 WorkerThread "GC Thread#7"                     [id=12324, stack(0x0000006496c00000,0x0000006496d00000) (1024K)]
  0x000001e36d68a970 WorkerThread "GC Thread#8"                     [id=14020, stack(0x0000006497000000,0x0000006497100000) (1024K)]
  0x000001e36d5e3020 WorkerThread "GC Thread#9"                     [id=22512, stack(0x0000006497100000,0x0000006497200000) (1024K)]
Total: 12

Threads with active compile tasks:
C2 CompilerThread0  10223 6041   !   4       org.eclipse.osgi.internal.loader.BundleLoader::findClass0 (490 bytes)
C2 CompilerThread1  10223 6163       4       java.util.ArrayDeque::elementAt (4 bytes)
C2 CompilerThread2  10223 6114   !   4       org.eclipse.osgi.internal.loader.classpath.ClasspathManager::findLocalClass (210 bytes)
Total: 3

VM state: not at safepoint (normal execution)

VM Mutex/Monitor currently owned by a thread: None

Heap address: 0x0000000080000000, size: 2048 MB, Compressed Oops mode: 32-bit

CDS archive(s) mapped at: [0x000001e325000000-0x000001e325ba0000-0x000001e325ba0000), size 12189696, SharedBaseAddress: 0x000001e325000000, ArchiveRelocationMode: 1.
Compressed class space mapped at: 0x000001e326000000-0x000001e366000000, reserved size: 1073741824
Narrow klass base: 0x000001e325000000, Narrow klass shift: 0, Narrow klass range: 0x100000000

GC Precious Log:
 CardTable entry size: 512
 CPUs: 12 total, 12 available
 Memory: 16067M
 Large Page Support: Disabled
 NUMA Support: Disabled
 Compressed Oops: Enabled (32-bit)
 Alignments: Space 512K, Generation 512K, Heap 2M
 Heap Min Capacity: 100M
 Heap Initial Capacity: 100M
 Heap Max Capacity: 2G
 Pre-touch: Disabled
 Parallel Workers: 10

Heap:
 PSYoungGen      total 25600K, used 11290K [0x00000000d5580000, 0x00000000d7200000, 0x0000000100000000)
  eden space 22016K, 44% used [0x00000000d5580000,0x00000000d5f068c8,0x00000000d6b00000)
  from space 3584K, 42% used [0x00000000d6b00000,0x00000000d6c80000,0x00000000d6e80000)
  to   space 2560K, 0% used [0x00000000d6f80000,0x00000000d6f80000,0x00000000d7200000)
 ParOldGen       total 68608K, used 23897K [0x0000000080000000, 0x0000000084300000, 0x00000000d5580000)
  object space 68608K, 34% used [0x0000000080000000,0x0000000081756408,0x0000000084300000)
 Metaspace       used 48375K, committed 49600K, reserved 1114112K
  class space    used 5360K, committed 5888K, reserved 1048576K

Card table byte_map: [0x000001e30df50000,0x000001e30e360000] _byte_map_base: 0x000001e30db50000

Marking Bits: (ParMarkBitMap*) 0x00007ffaee353450
 Begin Bits: [0x000001e320a60000, 0x000001e322a60000)
 End Bits:   [0x000001e322a60000, 0x000001e324a60000)

Polling page: 0x000001e30c620000

Metaspace:

Usage:
  Non-class:     42.01 MB used.
      Class:      5.24 MB used.
       Both:     47.24 MB used.

Virtual space:
  Non-class space:       64.00 MB reserved,      42.69 MB ( 67%) committed,  1 nodes.
      Class space:        1.00 GB reserved,       5.75 MB ( <1%) committed,  1 nodes.
             Both:        1.06 GB reserved,      48.44 MB (  4%) committed. 

Chunk freelists:
   Non-Class:  4.92 MB
       Class:  10.18 MB
        Both:  15.11 MB

MaxMetaspaceSize: unlimited
CompressedClassSpaceSize: 1.00 GB
Initial GC threshold: 21.00 MB
Current GC threshold: 58.38 MB
CDS: on
 - commit_granule_bytes: 65536.
 - commit_granule_words: 8192.
 - virtual_space_node_default_size: 8388608.
 - enlarge_chunks_in_place: 1.
 - use_allocation_guard: 0.


Internal statistics:

num_allocs_failed_limit: 6.
num_arena_births: 770.
num_arena_deaths: 14.
num_vsnodes_births: 2.
num_vsnodes_deaths: 0.
num_space_committed: 775.
num_space_uncommitted: 0.
num_chunks_returned_to_freelist: 20.
num_chunks_taken_from_freelist: 2718.
num_chunk_merges: 9.
num_chunk_splits: 1686.
num_chunks_enlarged: 994.
num_inconsistent_stats: 0.

CodeHeap 'non-profiled nmethods': size=120000Kb used=2914Kb max_used=2914Kb free=117085Kb
 bounds [0x000001e319280000, 0x000001e319560000, 0x000001e3207b0000]
CodeHeap 'profiled nmethods': size=120000Kb used=11211Kb max_used=11211Kb free=108788Kb
 bounds [0x000001e3117b0000, 0x000001e3122b0000, 0x000001e318ce0000]
CodeHeap 'non-nmethods': size=5760Kb used=1402Kb max_used=1459Kb free=4357Kb
 bounds [0x000001e318ce0000, 0x000001e318f50000, 0x000001e319280000]
CodeCache: size=245760Kb, used=15527Kb, max_used=15584Kb, free=230230Kb
 total_blobs=6294, nmethods=5594, adapters=606, full_count=0
Compilation: enabled, stopped_count=0, restarted_count=0

Compilation events (20 events):
Event: 9.136 Thread 0x000001e36736c8e0 nmethod 6142 0x000001e312299590 code [0x000001e312299760, 0x000001e3122999d0]
Event: 9.139 Thread 0x000001e36736c8e0 6143       3       java.lang.invoke.MethodHandleImpl$IntrinsicMethodHandle::<init> (25 bytes)
Event: 9.140 Thread 0x000001e36736c8e0 nmethod 6143 0x000001e312299a90 code [0x000001e312299c60, 0x000001e31229a1c0]
Event: 9.145 Thread 0x000001e36736c8e0 6144       3       java.util.concurrent.ThreadPoolExecutor::isShutdown (12 bytes)
Event: 9.146 Thread 0x000001e36736c8e0 nmethod 6144 0x000001e31229a390 code [0x000001e31229a540, 0x000001e31229a720]
Event: 9.146 Thread 0x000001e36736c8e0 6146       3       org.eclipse.core.internal.registry.ConfigurationElement::getAttributeAsIs (62 bytes)
Event: 9.146 Thread 0x000001e36736c8e0 nmethod 6146 0x000001e31229a810 code [0x000001e31229aa00, 0x000001e31229ad80]
Event: 9.146 Thread 0x000001e36736c8e0 6145       3       org.eclipse.core.internal.registry.ConfigurationElement::getAttribute (6 bytes)
Event: 9.147 Thread 0x000001e36736c8e0 nmethod 6145 0x000001e31229af90 code [0x000001e31229b140, 0x000001e31229b298]
Event: 9.147 Thread 0x000001e36736c8e0 6148       3       org.eclipse.core.internal.registry.ConfigurationElementHandle::getAttribute (9 bytes)
Event: 9.147 Thread 0x000001e36736c8e0 nmethod 6148 0x000001e31229b390 code [0x000001e31229b580, 0x000001e31229bb98]
Event: 9.148 Thread 0x000001e36736c8e0 6151       3       java.lang.invoke.MethodHandleStatics::traceLambdaForm (96 bytes)
Event: 9.148 Thread 0x000001e36736c8e0 nmethod 6151 0x000001e31229be10 code [0x000001e31229bfc0, 0x000001e31229c128]
Event: 9.149 Thread 0x000001e36736c8e0 6152       3       org.apache.felix.scr.impl.logger.ScrLogManager$ScrLoggerFacade::log (16 bytes)
Event: 9.150 Thread 0x000001e36736c8e0 nmethod 6152 0x000001e31229c210 code [0x000001e31229c3e0, 0x000001e31229c5e0]
Event: 9.151 Thread 0x000001e36834d730 nmethod 6137 0x000001e319554090 code [0x000001e3195543c0, 0x000001e319555460]
Event: 9.151 Thread 0x000001e36834d730 6147       4       java.lang.StringConcatHelper::stringOf (20 bytes)
Event: 9.151 Thread 0x000001e36834d730 nmethod 6147 0x000001e319556290 code [0x000001e319556420, 0x000001e3195564e8]
Event: 9.151 Thread 0x000001e36834d730 6149       4       org.eclipse.core.internal.registry.ReferenceMap::indexFor (55 bytes)
Event: 9.152 Thread 0x000001e36834d730 nmethod 6149 0x000001e319556610 code [0x000001e3195567a0, 0x000001e319556880]

GC Heap History (20 events):
Event: 6.169 GC heap before
{Heap before GC invocations=12 (full 1):
 PSYoungGen      total 25088K, used 24978K [0x00000000d5580000, 0x00000000d7600000, 0x0000000100000000)
  eden space 23040K, 99% used [0x00000000d5580000,0x00000000d6bfd538,0x00000000d6c00000)
  from space 2048K, 95% used [0x00000000d7400000,0x00000000d75e7538,0x00000000d7600000)
  to   space 2560K, 0% used [0x00000000d7100000,0x00000000d7100000,0x00000000d7380000)
 ParOldGen       total 68608K, used 14022K [0x0000000080000000, 0x0000000084300000, 0x00000000d5580000)
  object space 68608K, 20% used [0x0000000080000000,0x0000000080db1b60,0x0000000084300000)
 Metaspace       used 29520K, committed 30464K, reserved 1114112K
  class space    used 2943K, committed 3328K, reserved 1048576K
}
Event: 6.172 GC heap after
{Heap after GC invocations=12 (full 1):
 PSYoungGen      total 24064K, used 1439K [0x00000000d5580000, 0x00000000d7480000, 0x0000000100000000)
  eden space 22528K, 0% used [0x00000000d5580000,0x00000000d5580000,0x00000000d6b80000)
  from space 1536K, 93% used [0x00000000d7100000,0x00000000d7267e90,0x00000000d7280000)
  to   space 2048K, 0% used [0x00000000d7280000,0x00000000d7280000,0x00000000d7480000)
 ParOldGen       total 68608K, used 15817K [0x0000000080000000, 0x0000000084300000, 0x00000000d5580000)
  object space 68608K, 23% used [0x0000000080000000,0x0000000080f726d8,0x0000000084300000)
 Metaspace       used 29520K, committed 30464K, reserved 1114112K
  class space    used 2943K, committed 3328K, reserved 1048576K
}
Event: 6.487 GC heap before
{Heap before GC invocations=13 (full 1):
 PSYoungGen      total 24064K, used 23967K [0x00000000d5580000, 0x00000000d7480000, 0x0000000100000000)
  eden space 22528K, 100% used [0x00000000d5580000,0x00000000d6b80000,0x00000000d6b80000)
  from space 1536K, 93% used [0x00000000d7100000,0x00000000d7267e90,0x00000000d7280000)
  to   space 2048K, 0% used [0x00000000d7280000,0x00000000d7280000,0x00000000d7480000)
 ParOldGen       total 68608K, used 15817K [0x0000000080000000, 0x0000000084300000, 0x00000000d5580000)
  object space 68608K, 23% used [0x0000000080000000,0x0000000080f726d8,0x0000000084300000)
 Metaspace       used 32727K, committed 33856K, reserved 1114112K
  class space    used 3346K, committed 3776K, reserved 1048576K
}
Event: 6.489 GC heap after
{Heap after GC invocations=13 (full 1):
 PSYoungGen      total 24064K, used 1541K [0x00000000d5580000, 0x00000000d7480000, 0x0000000100000000)
  eden space 22016K, 0% used [0x00000000d5580000,0x00000000d5580000,0x00000000d6b00000)
  from space 2048K, 75% used [0x00000000d7280000,0x00000000d74016b8,0x00000000d7480000)
  to   space 2048K, 0% used [0x00000000d7080000,0x00000000d7080000,0x00000000d7280000)
 ParOldGen       total 68608K, used 17028K [0x0000000080000000, 0x0000000084300000, 0x00000000d5580000)
  object space 68608K, 24% used [0x0000000080000000,0x00000000810a1268,0x0000000084300000)
 Metaspace       used 32727K, committed 33856K, reserved 1114112K
  class space    used 3346K, committed 3776K, reserved 1048576K
}
Event: 6.722 GC heap before
{Heap before GC invocations=14 (full 1):
 PSYoungGen      total 24064K, used 23557K [0x00000000d5580000, 0x00000000d7480000, 0x0000000100000000)
  eden space 22016K, 100% used [0x00000000d5580000,0x00000000d6b00000,0x00000000d6b00000)
  from space 2048K, 75% used [0x00000000d7280000,0x00000000d74016b8,0x00000000d7480000)
  to   space 2048K, 0% used [0x00000000d7080000,0x00000000d7080000,0x00000000d7280000)
 ParOldGen       total 68608K, used 17028K [0x0000000080000000, 0x0000000084300000, 0x00000000d5580000)
  object space 68608K, 24% used [0x0000000080000000,0x00000000810a1268,0x0000000084300000)
 Metaspace       used 34566K, committed 35648K, reserved 1114112K
  class space    used 3583K, committed 4032K, reserved 1048576K
}
Event: 6.725 GC heap after
{Heap after GC invocations=14 (full 1):
 PSYoungGen      total 24064K, used 2020K [0x00000000d5580000, 0x00000000d7800000, 0x0000000100000000)
  eden space 22016K, 0% used [0x00000000d5580000,0x00000000d5580000,0x00000000d6b00000)
  from space 2048K, 98% used [0x00000000d7080000,0x00000000d7279348,0x00000000d7280000)
  to   space 5632K, 0% used [0x00000000d7280000,0x00000000d7280000,0x00000000d7800000)
 ParOldGen       total 68608K, used 20502K [0x0000000080000000, 0x0000000084300000, 0x00000000d5580000)
  object space 68608K, 29% used [0x0000000080000000,0x0000000081405b70,0x0000000084300000)
 Metaspace       used 34566K, committed 35648K, reserved 1114112K
  class space    used 3583K, committed 4032K, reserved 1048576K
}
Event: 6.743 GC heap before
{Heap before GC invocations=15 (full 1):
 PSYoungGen      total 24064K, used 4956K [0x00000000d5580000, 0x00000000d7800000, 0x0000000100000000)
  eden space 22016K, 13% used [0x00000000d5580000,0x00000000d585dec8,0x00000000d6b00000)
  from space 2048K, 98% used [0x00000000d7080000,0x00000000d7279348,0x00000000d7280000)
  to   space 5632K, 0% used [0x00000000d7280000,0x00000000d7280000,0x00000000d7800000)
 ParOldGen       total 68608K, used 20502K [0x0000000080000000, 0x0000000084300000, 0x00000000d5580000)
  object space 68608K, 29% used [0x0000000080000000,0x0000000081405b70,0x0000000084300000)
 Metaspace       used 34799K, committed 35840K, reserved 1114112K
  class space    used 3613K, committed 4032K, reserved 1048576K
}
Event: 6.745 GC heap after
{Heap after GC invocations=15 (full 1):
 PSYoungGen      total 22528K, used 380K [0x00000000d5580000, 0x00000000d7300000, 0x0000000100000000)
  eden space 22016K, 0% used [0x00000000d5580000,0x00000000d5580000,0x00000000d6b00000)
  from space 512K, 74% used [0x00000000d7280000,0x00000000d72df260,0x00000000d7300000)
  to   space 2560K, 0% used [0x00000000d6e00000,0x00000000d6e00000,0x00000000d7080000)
 ParOldGen       total 68608K, used 22124K [0x0000000080000000, 0x0000000084300000, 0x00000000d5580000)
  object space 68608K, 32% used [0x0000000080000000,0x000000008159b230,0x0000000084300000)
 Metaspace       used 34799K, committed 35840K, reserved 1114112K
  class space    used 3613K, committed 4032K, reserved 1048576K
}
Event: 6.746 GC heap before
{Heap before GC invocations=16 (full 2):
 PSYoungGen      total 22528K, used 380K [0x00000000d5580000, 0x00000000d7300000, 0x0000000100000000)
  eden space 22016K, 0% used [0x00000000d5580000,0x00000000d5580000,0x00000000d6b00000)
  from space 512K, 74% used [0x00000000d7280000,0x00000000d72df260,0x00000000d7300000)
  to   space 2560K, 0% used [0x00000000d6e00000,0x00000000d6e00000,0x00000000d7080000)
 ParOldGen       total 68608K, used 22124K [0x0000000080000000, 0x0000000084300000, 0x00000000d5580000)
  object space 68608K, 32% used [0x0000000080000000,0x000000008159b230,0x0000000084300000)
 Metaspace       used 34799K, committed 35840K, reserved 1114112K
  class space    used 3613K, committed 4032K, reserved 1048576K
}
Event: 6.773 GC heap after
{Heap after GC invocations=16 (full 2):
 PSYoungGen      total 22528K, used 0K [0x00000000d5580000, 0x00000000d7300000, 0x0000000100000000)
  eden space 22016K, 0% used [0x00000000d5580000,0x00000000d5580000,0x00000000d6b00000)
  from space 512K, 0% used [0x00000000d7280000,0x00000000d7280000,0x00000000d7300000)
  to   space 2560K, 0% used [0x00000000d6e00000,0x00000000d6e00000,0x00000000d7080000)
 ParOldGen       total 68608K, used 19458K [0x0000000080000000, 0x0000000084300000, 0x00000000d5580000)
  object space 68608K, 28% used [0x0000000080000000,0x0000000081300b08,0x0000000084300000)
 Metaspace       used 34799K, committed 35840K, reserved 1114112K
  class space    used 3613K, committed 4032K, reserved 1048576K
}
Event: 7.026 GC heap before
{Heap before GC invocations=17 (full 2):
 PSYoungGen      total 22528K, used 21983K [0x00000000d5580000, 0x00000000d7300000, 0x0000000100000000)
  eden space 22016K, 99% used [0x00000000d5580000,0x00000000d6af7d08,0x00000000d6b00000)
  from space 512K, 0% used [0x00000000d7280000,0x00000000d7280000,0x00000000d7300000)
  to   space 2560K, 0% used [0x00000000d6e00000,0x00000000d6e00000,0x00000000d7080000)
 ParOldGen       total 68608K, used 19458K [0x0000000080000000, 0x0000000084300000, 0x00000000d5580000)
  object space 68608K, 28% used [0x0000000080000000,0x0000000081300b08,0x0000000084300000)
 Metaspace       used 37597K, committed 38656K, reserved 1114112K
  class space    used 3957K, committed 4416K, reserved 1048576K
}
Event: 7.028 GC heap after
{Heap after GC invocations=17 (full 2):
 PSYoungGen      total 24576K, used 1056K [0x00000000d5580000, 0x00000000d7300000, 0x0000000100000000)
  eden space 22016K, 0% used [0x00000000d5580000,0x00000000d5580000,0x00000000d6b00000)
  from space 2560K, 41% used [0x00000000d6e00000,0x00000000d6f08098,0x00000000d7080000)
  to   space 1536K, 0% used [0x00000000d7180000,0x00000000d7180000,0x00000000d7300000)
 ParOldGen       total 68608K, used 19466K [0x0000000080000000, 0x0000000084300000, 0x00000000d5580000)
  object space 68608K, 28% used [0x0000000080000000,0x0000000081302b08,0x0000000084300000)
 Metaspace       used 37597K, committed 38656K, reserved 1114112K
  class space    used 3957K, committed 4416K, reserved 1048576K
}
Event: 7.233 GC heap before
{Heap before GC invocations=18 (full 2):
 PSYoungGen      total 24576K, used 23072K [0x00000000d5580000, 0x00000000d7300000, 0x0000000100000000)
  eden space 22016K, 100% used [0x00000000d5580000,0x00000000d6b00000,0x00000000d6b00000)
  from space 2560K, 41% used [0x00000000d6e00000,0x00000000d6f08098,0x00000000d7080000)
  to   space 1536K, 0% used [0x00000000d7180000,0x00000000d7180000,0x00000000d7300000)
 ParOldGen       total 68608K, used 19466K [0x0000000080000000, 0x0000000084300000, 0x00000000d5580000)
  object space 68608K, 28% used [0x0000000080000000,0x0000000081302b08,0x0000000084300000)
 Metaspace       used 40143K, committed 41216K, reserved 1114112K
  class space    used 4304K, committed 4736K, reserved 1048576K
}
Event: 7.235 GC heap after
{Heap after GC invocations=18 (full 2):
 PSYoungGen      total 23040K, used 864K [0x00000000d5580000, 0x00000000d7280000, 0x0000000100000000)
  eden space 22016K, 0% used [0x00000000d5580000,0x00000000d5580000,0x00000000d6b00000)
  from space 1024K, 84% used [0x00000000d7180000,0x00000000d7258000,0x00000000d7280000)
  to   space 1024K, 0% used [0x00000000d7080000,0x00000000d7080000,0x00000000d7180000)
 ParOldGen       total 68608K, used 20305K [0x0000000080000000, 0x0000000084300000, 0x00000000d5580000)
  object space 68608K, 29% used [0x0000000080000000,0x00000000813d4670,0x0000000084300000)
 Metaspace       used 40143K, committed 41216K, reserved 1114112K
  class space    used 4304K, committed 4736K, reserved 1048576K
}
Event: 7.541 GC heap before
{Heap before GC invocations=19 (full 2):
 PSYoungGen      total 23040K, used 22880K [0x00000000d5580000, 0x00000000d7280000, 0x0000000100000000)
  eden space 22016K, 100% used [0x00000000d5580000,0x00000000d6b00000,0x00000000d6b00000)
  from space 1024K, 84% used [0x00000000d7180000,0x00000000d7258000,0x00000000d7280000)
  to   space 1024K, 0% used [0x00000000d7080000,0x00000000d7080000,0x00000000d7180000)
 ParOldGen       total 68608K, used 20305K [0x0000000080000000, 0x0000000084300000, 0x00000000d5580000)
  object space 68608K, 29% used [0x0000000080000000,0x00000000813d4670,0x0000000084300000)
 Metaspace       used 42494K, committed 43584K, reserved 1114112K
  class space    used 4607K, committed 5056K, reserved 1048576K
}
Event: 7.544 GC heap after
{Heap after GC invocations=19 (full 2):
 PSYoungGen      total 23040K, used 1008K [0x00000000d5580000, 0x00000000d7200000, 0x0000000100000000)
  eden space 22016K, 0% used [0x00000000d5580000,0x00000000d5580000,0x00000000d6b00000)
  from space 1024K, 98% used [0x00000000d7080000,0x00000000d717c010,0x00000000d7180000)
  to   space 512K, 0% used [0x00000000d7180000,0x00000000d7180000,0x00000000d7200000)
 ParOldGen       total 68608K, used 20945K [0x0000000080000000, 0x0000000084300000, 0x00000000d5580000)
  object space 68608K, 30% used [0x0000000080000000,0x0000000081474680,0x0000000084300000)
 Metaspace       used 42494K, committed 43584K, reserved 1114112K
  class space    used 4607K, committed 5056K, reserved 1048576K
}
Event: 8.002 GC heap before
{Heap before GC invocations=20 (full 2):
 PSYoungGen      total 23040K, used 23024K [0x00000000d5580000, 0x00000000d7200000, 0x0000000100000000)
  eden space 22016K, 100% used [0x00000000d5580000,0x00000000d6b00000,0x00000000d6b00000)
  from space 1024K, 98% used [0x00000000d7080000,0x00000000d717c010,0x00000000d7180000)
  to   space 512K, 0% used [0x00000000d7180000,0x00000000d7180000,0x00000000d7200000)
 ParOldGen       total 68608K, used 20945K [0x0000000080000000, 0x0000000084300000, 0x00000000d5580000)
  object space 68608K, 30% used [0x0000000080000000,0x0000000081474680,0x0000000084300000)
 Metaspace       used 44654K, committed 45760K, reserved 1114112K
  class space    used 4886K, committed 5376K, reserved 1048576K
}
Event: 8.005 GC heap after
{Heap after GC invocations=20 (full 2):
 PSYoungGen      total 22528K, used 496K [0x00000000d5580000, 0x00000000d7200000, 0x0000000100000000)
  eden space 22016K, 0% used [0x00000000d5580000,0x00000000d5580000,0x00000000d6b00000)
  from space 512K, 96% used [0x00000000d7180000,0x00000000d71fc030,0x00000000d7200000)
  to   space 3584K, 0% used [0x00000000d6b00000,0x00000000d6b00000,0x00000000d6e80000)
 ParOldGen       total 68608K, used 23409K [0x0000000080000000, 0x0000000084300000, 0x00000000d5580000)
  object space 68608K, 34% used [0x0000000080000000,0x00000000816dc6a0,0x0000000084300000)
 Metaspace       used 44654K, committed 45760K, reserved 1114112K
  class space    used 4886K, committed 5376K, reserved 1048576K
}
Event: 8.809 GC heap before
{Heap before GC invocations=21 (full 2):
 PSYoungGen      total 22528K, used 22512K [0x00000000d5580000, 0x00000000d7200000, 0x0000000100000000)
  eden space 22016K, 100% used [0x00000000d5580000,0x00000000d6b00000,0x00000000d6b00000)
  from space 512K, 96% used [0x00000000d7180000,0x00000000d71fc030,0x00000000d7200000)
  to   space 3584K, 0% used [0x00000000d6b00000,0x00000000d6b00000,0x00000000d6e80000)
 ParOldGen       total 68608K, used 23409K [0x0000000080000000, 0x0000000084300000, 0x00000000d5580000)
  object space 68608K, 34% used [0x0000000080000000,0x00000000816dc6a0,0x0000000084300000)
 Metaspace       used 47210K, committed 48320K, reserved 1114112K
  class space    used 5232K, committed 5696K, reserved 1048576K
}
Event: 8.811 GC heap after
{Heap after GC invocations=21 (full 2):
 PSYoungGen      total 25600K, used 1536K [0x00000000d5580000, 0x00000000d7200000, 0x0000000100000000)
  eden space 22016K, 0% used [0x00000000d5580000,0x00000000d5580000,0x00000000d6b00000)
  from space 3584K, 42% used [0x00000000d6b00000,0x00000000d6c80000,0x00000000d6e80000)
  to   space 2560K, 0% used [0x00000000d6f80000,0x00000000d6f80000,0x00000000d7200000)
 ParOldGen       total 68608K, used 23897K [0x0000000080000000, 0x0000000084300000, 0x00000000d5580000)
  object space 68608K, 34% used [0x0000000080000000,0x0000000081756408,0x0000000084300000)
 Metaspace       used 47210K, committed 48320K, reserved 1114112K
  class space    used 5232K, committed 5696K, reserved 1048576K
}

Dll operation events (14 events):
Event: 0.013 Loaded shared library c:\Users\thiag\.vscode\extensions\redhat.java-1.54.0-win32-x64\jre\21.0.10-win32-x86_64\bin\java.dll
Event: 0.079 Loaded shared library c:\Users\thiag\.vscode\extensions\redhat.java-1.54.0-win32-x64\jre\21.0.10-win32-x86_64\bin\zip.dll
Event: 0.099 Loaded shared library C:\Users\thiag\.vscode\extensions\redhat.java-1.54.0-win32-x64\jre\21.0.10-win32-x86_64\bin\instrument.dll
Event: 0.104 Loaded shared library C:\Users\thiag\.vscode\extensions\redhat.java-1.54.0-win32-x64\jre\21.0.10-win32-x86_64\bin\net.dll
Event: 0.108 Loaded shared library C:\Users\thiag\.vscode\extensions\redhat.java-1.54.0-win32-x64\jre\21.0.10-win32-x86_64\bin\nio.dll
Event: 0.110 Loaded shared library C:\Users\thiag\.vscode\extensions\redhat.java-1.54.0-win32-x64\jre\21.0.10-win32-x86_64\bin\zip.dll
Event: 0.124 Loaded shared library C:\Users\thiag\.vscode\extensions\redhat.java-1.54.0-win32-x64\jre\21.0.10-win32-x86_64\bin\jimage.dll
Event: 0.181 Loaded shared library c:\Users\thiag\.vscode\extensions\redhat.java-1.54.0-win32-x64\jre\21.0.10-win32-x86_64\bin\verify.dll
Event: 1.236 Loaded shared library C:\Users\thiag\AppData\Roaming\Code\User\globalStorage\redhat.java\1.54.0\config_win\org.eclipse.equinox.launcher\org.eclipse.equinox.launcher.win32.win32.x86_64_1.3.0.v20260203-2149\eclipse_11919.dll
Event: 4.417 Loaded shared library C:\Users\thiag\.vscode\extensions\redhat.java-1.54.0-win32-x64\jre\21.0.10-win32-x86_64\bin\management.dll
Event: 4.420 Loaded shared library C:\Users\thiag\.vscode\extensions\redhat.java-1.54.0-win32-x64\jre\21.0.10-win32-x86_64\bin\management_ext.dll
Event: 6.167 Loaded shared library C:\Users\thiag\AppData\Local\Temp\jna-110330715\jna2500917912432661044.dll
Event: 6.413 Loaded shared library C:\Users\thiag\.vscode\extensions\redhat.java-1.54.0-win32-x64\jre\21.0.10-win32-x86_64\bin\sunmscapi.dll
Event: 6.964 Loaded shared library C:\Users\thiag\.vscode\extensions\redhat.java-1.54.0-win32-x64\jre\21.0.10-win32-x86_64\bin\extnet.dll

Deoptimization events (20 events):
Event: 8.978 Thread 0x000001e36d3c10a0 DEOPT PACKING pc=0x000001e3193ec98c sp=0x00000064973fe3d0
Event: 8.978 Thread 0x000001e36d3c10a0 DEOPT UNPACKING pc=0x000001e318d33aa2 sp=0x00000064973fe290 mode 2
Event: 8.979 Thread 0x000001e36d3c1730 Uncommon trap: trap_request=0xffffff45 fr.pc=0x000001e31934f32c relative=0x000000000000016c
Event: 8.979 Thread 0x000001e36d3c1730 Uncommon trap: reason=unstable_if action=reinterpret pc=0x000001e31934f32c method=java.util.concurrent.ConcurrentHashMap.addCount(JI)V @ 34 c2
Event: 8.979 Thread 0x000001e36d3c1730 DEOPT PACKING pc=0x000001e31934f32c sp=0x00000064975fd720
Event: 8.979 Thread 0x000001e36d3c1730 DEOPT UNPACKING pc=0x000001e318d33aa2 sp=0x00000064975fd680 mode 2
Event: 9.011 Thread 0x000001e36d3c10a0 Uncommon trap: trap_request=0xffffff54 fr.pc=0x000001e3194c4e34 relative=0x0000000000000694
Event: 9.011 Thread 0x000001e36d3c10a0 Uncommon trap: reason=speculate_null_assert action=make_not_entrant pc=0x000001e3194c4e34 method=org.eclipse.osgi.internal.container.KeyBasedLockStore.getLock(Ljava/lang/Object;)Ljava/lang/Object; @ 71 c2
Event: 9.012 Thread 0x000001e36d3c10a0 DEOPT PACKING pc=0x000001e3194c4e34 sp=0x00000064973fe3e0
Event: 9.012 Thread 0x000001e36d3c10a0 DEOPT UNPACKING pc=0x000001e318d33aa2 sp=0x00000064973fe260 mode 2
Event: 9.031 Thread 0x000001e36d3c1730 Uncommon trap: trap_request=0xffffff45 fr.pc=0x000001e3194235f0 relative=0x00000000000001f0
Event: 9.031 Thread 0x000001e36d3c1730 Uncommon trap: reason=unstable_if action=reinterpret pc=0x000001e3194235f0 method=java.util.concurrent.locks.ReentrantLock$Sync.lock()V @ 4 c2
Event: 9.031 Thread 0x000001e36d3c1730 DEOPT PACKING pc=0x000001e3194235f0 sp=0x00000064975fe150
Event: 9.031 Thread 0x000001e36d3c1730 DEOPT UNPACKING pc=0x000001e318d33aa2 sp=0x00000064975fe028 mode 2
Event: 9.072 Thread 0x000001e36d3c1730 Uncommon trap: trap_request=0xffffff45 fr.pc=0x000001e3192f7c24 relative=0x00000000000001c4
Event: 9.072 Thread 0x000001e36d3c1730 Uncommon trap: reason=unstable_if action=reinterpret pc=0x000001e3192f7c24 method=java.lang.invoke.VarHandle.accessModeType(I)Ljava/lang/invoke/MethodType; @ 26 c2
Event: 9.072 Thread 0x000001e36d3c1730 DEOPT PACKING pc=0x000001e3192f7c24 sp=0x00000064975fea70
Event: 9.072 Thread 0x000001e36d3c1730 DEOPT UNPACKING pc=0x000001e318d33aa2 sp=0x00000064975fe950 mode 2
Event: 9.084 Thread 0x000001e36d3c1730 DEOPT PACKING pc=0x000001e31203ecd6 sp=0x00000064975fe9f0
Event: 9.084 Thread 0x000001e36d3c1730 DEOPT UNPACKING pc=0x000001e318d34242 sp=0x00000064975fdf18 mode 0

Classes loaded (20 events):
Event: 7.842 Loading class java/util/concurrent/CompletionService
Event: 7.842 Loading class java/util/concurrent/CompletionService done
Event: 7.853 Loading class java/nio/channels/ServerSocketChannel
Event: 7.854 Loading class java/nio/channels/ServerSocketChannel done
Event: 8.010 Loading class java/nio/file/AccessDeniedException
Event: 8.010 Loading class java/nio/file/AccessDeniedException done
Event: 8.066 Loading class java/lang/ExceptionInInitializerError
Event: 8.066 Loading class java/lang/ExceptionInInitializerError done
Event: 8.067 Loading class sun/misc/Unsafe
Event: 8.067 Loading class sun/misc/Unsafe done
Event: 8.091 Loading class jdk/internal/org/objectweb/asm/ClassReader
Event: 8.092 Loading class jdk/internal/org/objectweb/asm/ClassReader done
Event: 8.492 Loading class java/lang/ProcessEnvironment$CheckedKeySet
Event: 8.492 Loading class java/lang/ProcessEnvironment$CheckedKeySet done
Event: 9.020 Loading class java/util/regex/Pattern$Pos
Event: 9.020 Loading class java/util/regex/Pattern$Pos done
Event: 9.071 Loading class sun/security/provider/MD5
Event: 9.072 Loading class sun/security/provider/MD5 done
Event: 9.072 Loading class sun/security/provider/ByteArrayAccess$LE
Event: 9.072 Loading class sun/security/provider/ByteArrayAccess$LE done

Classes unloaded (7 events):
Event: 5.081 Thread 0x000001e30e544540 Unloading class 0x000001e3261aec00 'java/lang/invoke/LambdaForm$MH+0x000001e3261aec00'
Event: 5.081 Thread 0x000001e30e544540 Unloading class 0x000001e3261ae800 'java/lang/invoke/LambdaForm$MH+0x000001e3261ae800'
Event: 5.081 Thread 0x000001e30e544540 Unloading class 0x000001e3261ae400 'java/lang/invoke/LambdaForm$MH+0x000001e3261ae400'
Event: 5.081 Thread 0x000001e30e544540 Unloading class 0x000001e3261ae000 'java/lang/invoke/LambdaForm$MH+0x000001e3261ae000'
Event: 5.081 Thread 0x000001e30e544540 Unloading class 0x000001e3261adc00 'java/lang/invoke/LambdaForm$BMH+0x000001e3261adc00'
Event: 5.081 Thread 0x000001e30e544540 Unloading class 0x000001e3261ad800 'java/lang/invoke/LambdaForm$DMH+0x000001e3261ad800'
Event: 5.081 Thread 0x000001e30e544540 Unloading class 0x000001e3261ac400 'java/lang/invoke/LambdaForm$DMH+0x000001e3261ac400'

Classes redefined (0 events):
No events

Internal exceptions (20 events):
Event: 6.399 Thread 0x000001e30c26acb0 Exception <a 'java/io/FileNotFoundException'{0x00000000d65a8d58}> (0x00000000d65a8d58) 
thrown [s\src\hotspot\share\prims\jni.cpp, line 520]
Event: 6.439 Thread 0x000001e30c26acb0 Exception <a 'java/lang/NoSuchMethodError'{0x00000000d6a13cd8}: 'java.lang.Object java.lang.invoke.DirectMethodHandle$Holder.invokeStatic(java.lang.Object, long, java.lang.Object)'> (0x00000000d6a13cd8) 
thrown [s\src\hotspot\share\interpreter\linkResolver.cpp, line 773]
Event: 6.444 Thread 0x000001e30c26acb0 Exception <a 'java/lang/NoSuchMethodError'{0x00000000d6a2b010}: 'java.lang.Object java.lang.invoke.DirectMethodHandle$Holder.invokeStaticInit(java.lang.Object, long, java.lang.Object)'> (0x00000000d6a2b010) 
thrown [s\src\hotspot\share\interpreter\linkResolver.cpp, line 773]
Event: 6.449 Thread 0x000001e30c26acb0 Exception <a 'java/lang/NoSuchMethodError'{0x00000000d6a56260}: 'java.lang.Object java.lang.invoke.DirectMethodHandle$Holder.newInvokeSpecial(java.lang.Object, long)'> (0x00000000d6a56260) 
thrown [s\src\hotspot\share\interpreter\linkResolver.cpp, line 773]
Event: 6.506 Thread 0x000001e36d3bf660 Exception <a 'sun/nio/fs/WindowsException'{0x00000000d5674090}> (0x00000000d5674090) 
thrown [s\src\hotspot\share\prims\jni.cpp, line 520]
Event: 6.651 Thread 0x000001e36d3c10a0 Exception <a 'java/lang/NoClassDefFoundError'{0x00000000d5cc5688}: javax/enterprise/inject/Typed> (0x00000000d5cc5688) 
thrown [s\src\hotspot\share\classfile\systemDictionary.cpp, line 301]
Event: 7.101 Thread 0x000001e30c26acb0 Exception <a 'java/lang/NoSuchMethodError'{0x00000000d607da68}: 'void java.lang.invoke.DirectMethodHandle$Holder.invokeSpecial(java.lang.Object, java.lang.Object, java.lang.Object, java.lang.Object, java.lang.Object, java.lang.Object)'> (0x00000000d607da68) 
thrown [s\src\hotspot\share\interpreter\linkResolver.cpp, line 773]
Event: 7.102 Thread 0x000001e30c26acb0 Exception <a 'java/lang/IncompatibleClassChangeError'{0x00000000d6085e00}: Found class java.lang.Object, but interface was expected> (0x00000000d6085e00) 
thrown [s\src\hotspot\share\interpreter\linkResolver.cpp, line 840]
Event: 7.102 Thread 0x000001e30c26acb0 Exception <a 'java/lang/IncompatibleClassChangeError'{0x00000000d6087b48}: Found class java.lang.Object, but interface was expected> (0x00000000d6087b48) 
thrown [s\src\hotspot\share\interpreter\linkResolver.cpp, line 840]
Event: 7.676 Thread 0x000001e36d3bf660 Exception <a 'java/lang/NoSuchMethodError'{0x00000000d5bf5a70}: 'void java.lang.invoke.DirectMethodHandle$Holder.invokeStaticInit(java.lang.Object, java.lang.Object, java.lang.Object, java.lang.Object)'> (0x00000000d5bf5a70) 
thrown [s\src\hotspot\share\interpreter\linkResolver.cpp, line 773]
Event: 8.061 Thread 0x000001e36d3c10a0 Exception <a 'java/lang/NoSuchMethodError'{0x00000000d5856950}: 'void java.lang.invoke.DirectMethodHandle$Holder.invokeStaticInit(java.lang.Object, java.lang.Object, java.lang.Object)'> (0x00000000d5856950) 
thrown [s\src\hotspot\share\interpreter\linkResolver.cpp, line 773]
Event: 8.069 Thread 0x000001e36d3c10a0 Exception <a 'java/lang/ExceptionInInitializerError'{0x00000000d5899078}> (0x00000000d5899078) 
thrown [s\src\hotspot\share\oops\instanceKlass.cpp, line 1220]
Event: 8.087 Thread 0x000001e36d3c10a0 Implicit null exception at 0x000001e319491277 to 0x000001e3194914e8
Event: 8.087 Thread 0x000001e36d3c10a0 Exception <a 'java/lang/NoSuchMethodError'{0x00000000d59154f0}: 'long java.lang.invoke.DirectMethodHandle$Holder.invokeStatic(java.lang.Object, java.lang.Object, int)'> (0x00000000d59154f0) 
thrown [s\src\hotspot\share\interpreter\linkResolver.cpp, line 773]
Event: 8.094 Thread 0x000001e36d3c10a0 Implicit null exception at 0x000001e3193c00fe to 0x000001e3193c0370
Event: 8.094 Thread 0x000001e36d3c10a0 Implicit null exception at 0x000001e31932af1c to 0x000001e31932be38
Event: 8.096 Thread 0x000001e36d3c10a0 Exception <a 'java/lang/NoSuchMethodError'{0x00000000d5958870}: 'java.lang.Object java.lang.invoke.Invokers$Holder.invokeExact_MT(java.lang.Object, int, java.lang.Object)'> (0x00000000d5958870) 
thrown [s\src\hotspot\share\interpreter\linkResolver.cpp, line 773]
Event: 8.471 Thread 0x000001e36d3c10a0 Exception <a 'java/lang/NoClassDefFoundError'{0x00000000d663deb8}: com/google/inject/servlet/ServletModuleTargetVisitor> (0x00000000d663deb8) 
thrown [s\src\hotspot\share\classfile\systemDictionary.cpp, line 301]
Event: 9.147 Thread 0x000001e36d3be940 Exception <a 'java/io/FileNotFoundException'{0x00000000d5df7570}> (0x00000000d5df7570) 
thrown [s\src\hotspot\share\prims\jni.cpp, line 520]
Event: 9.147 Thread 0x000001e36d3be940 Exception <a 'java/io/FileNotFoundException'{0x00000000d5df8ee0}> (0x00000000d5df8ee0) 
thrown [s\src\hotspot\share\prims\jni.cpp, line 520]

ZGC Phase Switch (0 events):
No events

VM Operations (20 events):
Event: 7.235 Executing safepoint VM operation: ParallelGCFailedAllocation (Allocation Failure) done
Event: 7.500 Executing non-safepoint VM operation: HandshakeAllThreads (Deoptimize)
Event: 7.500 Executing non-safepoint VM operation: HandshakeAllThreads (Deoptimize) done
Event: 7.541 Executing safepoint VM operation: ParallelGCFailedAllocation (Allocation Failure)
Event: 7.544 Executing safepoint VM operation: ParallelGCFailedAllocation (Allocation Failure) done
Event: 7.548 Executing non-safepoint VM operation: HandshakeAllThreads (Deoptimize)
Event: 7.566 Executing non-safepoint VM operation: HandshakeAllThreads (Deoptimize) done
Event: 7.633 Executing non-safepoint VM operation: HandshakeAllThreads (Deoptimize)
Event: 7.633 Executing non-safepoint VM operation: HandshakeAllThreads (Deoptimize) done
Event: 7.797 Executing non-safepoint VM operation: HandshakeAllThreads (Deoptimize)
Event: 7.797 Executing non-safepoint VM operation: HandshakeAllThreads (Deoptimize) done
Event: 8.002 Executing safepoint VM operation: ParallelGCFailedAllocation (Allocation Failure)
Event: 8.005 Executing safepoint VM operation: ParallelGCFailedAllocation (Allocation Failure) done
Event: 8.141 Executing non-safepoint VM operation: HandshakeAllThreads (Deoptimize)
Event: 8.141 Executing non-safepoint VM operation: HandshakeAllThreads (Deoptimize) done
Event: 8.507 Executing safepoint VM operation: ICBufferFull
Event: 8.508 Executing safepoint VM operation: ICBufferFull done
Event: 8.795 Executing safepoint VM operation: ParallelGCFailedAllocation (Allocation Failure)
Event: 8.811 Executing safepoint VM operation: ParallelGCFailedAllocation (Allocation Failure) done
Event: 9.819 Executing safepoint VM operation: Cleanup

Memory protections (0 events):
No events

Nmethod flushes (20 events):
Event: 6.758 Thread 0x000001e30e544540 flushing  nmethod 0x000001e311d91490
Event: 6.758 Thread 0x000001e30e544540 flushing  nmethod 0x000001e311d92010
Event: 6.758 Thread 0x000001e30e544540 flushing  nmethod 0x000001e311d92410
Event: 6.758 Thread 0x000001e30e544540 flushing  nmethod 0x000001e311d92890
Event: 6.758 Thread 0x000001e30e544540 flushing  nmethod 0x000001e311d93990
Event: 6.758 Thread 0x000001e30e544540 flushing  nmethod 0x000001e311d93e90
Event: 6.758 Thread 0x000001e30e544540 flushing  nmethod 0x000001e311d94910
Event: 6.758 Thread 0x000001e30e544540 flushing  nmethod 0x000001e311d94c10
Event: 6.759 Thread 0x000001e30e544540 flushing  nmethod 0x000001e311da9e10
Event: 6.759 Thread 0x000001e30e544540 flushing  nmethod 0x000001e311dc2290
Event: 6.759 Thread 0x000001e30e544540 flushing  nmethod 0x000001e311dc8590
Event: 6.759 Thread 0x000001e30e544540 flushing  nmethod 0x000001e311dd6810
Event: 6.759 Thread 0x000001e30e544540 flushing  nmethod 0x000001e311dd6b90
Event: 6.759 Thread 0x000001e30e544540 flushing  nmethod 0x000001e311e0bf10
Event: 6.759 Thread 0x000001e30e544540 flushing  nmethod 0x000001e311e34610
Event: 6.759 Thread 0x000001e30e544540 flushing  nmethod 0x000001e311e37910
Event: 6.759 Thread 0x000001e30e544540 flushing  nmethod 0x000001e311e90110
Event: 6.759 Thread 0x000001e30e544540 flushing  nmethod 0x000001e311e90e10
Event: 6.759 Thread 0x000001e30e544540 flushing  nmethod 0x000001e311e91210
Event: 6.759 Thread 0x000001e30e544540 flushing  nmethod 0x000001e311e9f910

Events (20 events):
Event: 6.426 Thread 0x000001e36d3c0380 Thread added: 0x000001e36eac03e0
Event: 6.535 Thread 0x000001e30c26acb0 Thread added: 0x000001e36eac1100
Event: 6.549 Thread 0x000001e30c26acb0 Thread added: 0x000001e36eac1790
Event: 6.550 Thread 0x000001e30c26acb0 Thread added: 0x000001e36eac0a70
Event: 6.553 Thread 0x000001e30c26acb0 Thread added: 0x000001e36eabf6c0
Event: 6.559 Thread 0x000001e30c26acb0 Thread added: 0x000001e36eac1e20
Event: 6.560 Thread 0x000001e30c26acb0 Thread added: 0x000001e36eac24b0
Event: 6.560 Thread 0x000001e30c26acb0 Thread added: 0x000001e36eac2b40
Event: 6.561 Thread 0x000001e30c26acb0 Thread added: 0x000001e36eac31d0
Event: 6.561 Thread 0x000001e30c26acb0 Thread added: 0x000001e36eabfd50
Event: 6.562 Thread 0x000001e30c26acb0 Thread added: 0x000001e36eac5930
Event: 6.563 Thread 0x000001e30c26acb0 Thread added: 0x000001e36eac6ce0
Event: 6.563 Thread 0x000001e30c26acb0 Thread added: 0x000001e36eac3860
Event: 6.564 Thread 0x000001e30c26acb0 Thread added: 0x000001e36eac4c10
Event: 6.632 Thread 0x000001e30c26acb0 Thread added: 0x000001e36eac4580
Event: 7.141 Thread 0x000001e30c26acb0 Thread added: 0x000001e36eac5fc0
Event: 7.141 Thread 0x000001e30c26acb0 Thread added: 0x000001e36eac3ef0
Event: 7.507 Thread 0x000001e36d3bf660 Thread added: 0x000001e36eac52a0
Event: 7.508 Thread 0x000001e36eac52a0 Thread exited: 0x000001e36eac52a0
Event: 7.631 Thread 0x000001e36d3bf660 Thread added: 0x000001e36eac6650


Dynamic libraries:
0x00007ff6b6990000 - 0x00007ff6b699e000 	c:\Users\thiag\.vscode\extensions\redhat.java-1.54.0-win32-x64\jre\21.0.10-win32-x86_64\bin\java.exe
0x00007ffb718a0000 - 0x00007ffb71b07000 	C:\WINDOWS\SYSTEM32\ntdll.dll
0x00007ffb71110000 - 0x00007ffb711d9000 	C:\WINDOWS\System32\KERNEL32.DLL
0x00007ffb6e390000 - 0x00007ffb6e781000 	C:\WINDOWS\System32\KERNELBASE.dll
0x00007ffb6e870000 - 0x00007ffb6e9bb000 	C:\WINDOWS\System32\ucrtbase.dll
0x00007ffb5ce90000 - 0x00007ffb5cea8000 	c:\Users\thiag\.vscode\extensions\redhat.java-1.54.0-win32-x64\jre\21.0.10-win32-x86_64\bin\jli.dll
0x00007ffb6f750000 - 0x00007ffb6f915000 	C:\WINDOWS\System32\USER32.dll
0x00007ffb5ceb0000 - 0x00007ffb5cece000 	c:\Users\thiag\.vscode\extensions\redhat.java-1.54.0-win32-x64\jre\21.0.10-win32-x86_64\bin\VCRUNTIME140.dll
0x00007ffb6e840000 - 0x00007ffb6e867000 	C:\WINDOWS\System32\win32u.dll
0x00007ffb70b70000 - 0x00007ffb70b9b000 	C:\WINDOWS\System32\GDI32.dll
0x00007ffb4c950000 - 0x00007ffb4cbe3000 	C:\WINDOWS\WinSxS\amd64_microsoft.windows.common-controls_6595b64144ccf1df_6.0.26100.8037_none_3e092faae333b53b\COMCTL32.dll
0x00007ffb6f510000 - 0x00007ffb6f63b000 	C:\WINDOWS\System32\gdi32full.dll
0x00007ffb6e790000 - 0x00007ffb6e833000 	C:\WINDOWS\System32\msvcp_win.dll
0x00007ffb71060000 - 0x00007ffb71109000 	C:\WINDOWS\System32\msvcrt.dll
0x00007ffb716e0000 - 0x00007ffb71711000 	C:\WINDOWS\System32\IMM32.DLL
0x00007ffb69830000 - 0x00007ffb6983c000 	c:\Users\thiag\.vscode\extensions\redhat.java-1.54.0-win32-x64\jre\21.0.10-win32-x86_64\bin\vcruntime140_1.dll
0x00007ffb35120000 - 0x00007ffb351ad000 	c:\Users\thiag\.vscode\extensions\redhat.java-1.54.0-win32-x64\jre\21.0.10-win32-x86_64\bin\msvcp140.dll
0x00007ffaed690000 - 0x00007ffaee431000 	c:\Users\thiag\.vscode\extensions\redhat.java-1.54.0-win32-x64\jre\21.0.10-win32-x86_64\bin\server\jvm.dll
0x00007ffb70ab0000 - 0x00007ffb70b6b000 	C:\WINDOWS\System32\ADVAPI32.dll
0x00007ffb6f640000 - 0x00007ffb6f6e7000 	C:\WINDOWS\System32\sechost.dll
0x00007ffb71740000 - 0x00007ffb71858000 	C:\WINDOWS\System32\RPCRT4.dll
0x00007ffb70520000 - 0x00007ffb70594000 	C:\WINDOWS\System32\WS2_32.dll
0x00007ffb6dfe0000 - 0x00007ffb6e03e000 	C:\WINDOWS\SYSTEM32\POWRPROF.dll
0x00007ffb61760000 - 0x00007ffb61795000 	C:\WINDOWS\SYSTEM32\WINMM.dll
0x00007ffb67350000 - 0x00007ffb6735b000 	C:\WINDOWS\SYSTEM32\VERSION.dll
0x00007ffb6dfc0000 - 0x00007ffb6dfd4000 	C:\WINDOWS\SYSTEM32\UMPDC.dll
0x00007ffb6ce70000 - 0x00007ffb6ce8b000 	C:\WINDOWS\SYSTEM32\kernel.appcore.dll
0x00007ffb68090000 - 0x00007ffb6809a000 	c:\Users\thiag\.vscode\extensions\redhat.java-1.54.0-win32-x64\jre\21.0.10-win32-x86_64\bin\jimage.dll
0x00007ffb4f8b0000 - 0x00007ffb4faf2000 	C:\WINDOWS\SYSTEM32\DBGHELP.DLL
0x00007ffb705a0000 - 0x00007ffb70922000 	C:\WINDOWS\System32\combase.dll
0x00007ffb709d0000 - 0x00007ffb70aa7000 	C:\WINDOWS\System32\OLEAUT32.dll
0x00007ffb5c730000 - 0x00007ffb5c76b000 	C:\WINDOWS\SYSTEM32\dbgcore.DLL
0x00007ffb6f230000 - 0x00007ffb6f2d5000 	C:\WINDOWS\System32\bcryptPrimitives.dll
0x00007ffb649b0000 - 0x00007ffb649bf000 	c:\Users\thiag\.vscode\extensions\redhat.java-1.54.0-win32-x64\jre\21.0.10-win32-x86_64\bin\instrument.dll
0x00007ffb54670000 - 0x00007ffb54690000 	c:\Users\thiag\.vscode\extensions\redhat.java-1.54.0-win32-x64\jre\21.0.10-win32-x86_64\bin\java.dll
0x00007ffb6fdb0000 - 0x00007ffb7050f000 	C:\WINDOWS\System32\SHELL32.dll
0x00007ffb6f3a0000 - 0x00007ffb6f50a000 	C:\WINDOWS\System32\wintypes.dll
0x00007ffb6e9c0000 - 0x00007ffb6f224000 	C:\WINDOWS\System32\windows.storage.dll
0x00007ffb70f60000 - 0x00007ffb71057000 	C:\WINDOWS\System32\SHCORE.dll
0x00007ffb70c60000 - 0x00007ffb70cc7000 	C:\WINDOWS\System32\shlwapi.dll
0x00007ffb6e0a0000 - 0x00007ffb6e0c9000 	C:\WINDOWS\SYSTEM32\profapi.dll
0x00007ffb54650000 - 0x00007ffb54668000 	c:\Users\thiag\.vscode\extensions\redhat.java-1.54.0-win32-x64\jre\21.0.10-win32-x86_64\bin\zip.dll
0x00007ffb5cf20000 - 0x00007ffb5cf30000 	C:\Users\thiag\.vscode\extensions\redhat.java-1.54.0-win32-x64\jre\21.0.10-win32-x86_64\bin\net.dll
0x00007ffb66b00000 - 0x00007ffb66c27000 	C:\WINDOWS\SYSTEM32\WINHTTP.dll
0x00007ffb6d480000 - 0x00007ffb6d4eb000 	C:\WINDOWS\system32\mswsock.dll
0x00007ffb53a90000 - 0x00007ffb53aa6000 	C:\Users\thiag\.vscode\extensions\redhat.java-1.54.0-win32-x64\jre\21.0.10-win32-x86_64\bin\nio.dll
0x00007ffb56f10000 - 0x00007ffb56f20000 	c:\Users\thiag\.vscode\extensions\redhat.java-1.54.0-win32-x64\jre\21.0.10-win32-x86_64\bin\verify.dll
0x00007ffb428e0000 - 0x00007ffb42925000 	C:\Users\thiag\AppData\Roaming\Code\User\globalStorage\redhat.java\1.54.0\config_win\org.eclipse.equinox.launcher\org.eclipse.equinox.launcher.win32.win32.x86_64_1.3.0.v20260203-2149\eclipse_11919.dll
0x00007ffb71330000 - 0x00007ffb714c5000 	C:\WINDOWS\System32\ole32.dll
0x00007ffb552e0000 - 0x00007ffb552ea000 	C:\Users\thiag\.vscode\extensions\redhat.java-1.54.0-win32-x64\jre\21.0.10-win32-x86_64\bin\management.dll
0x00007ffb547f0000 - 0x00007ffb547fc000 	C:\Users\thiag\.vscode\extensions\redhat.java-1.54.0-win32-x64\jre\21.0.10-win32-x86_64\bin\management_ext.dll
0x00007ffb71720000 - 0x00007ffb71728000 	C:\WINDOWS\System32\PSAPI.DLL
0x00007ffb6d760000 - 0x00007ffb6d77b000 	C:\WINDOWS\SYSTEM32\CRYPTSP.dll
0x00007ffb6ce90000 - 0x00007ffb6cec9000 	C:\WINDOWS\system32\rsaenh.dll
0x00007ffb6d530000 - 0x00007ffb6d562000 	C:\WINDOWS\SYSTEM32\USERENV.dll
0x00007ffb6e070000 - 0x00007ffb6e09a000 	C:\WINDOWS\SYSTEM32\bcrypt.dll
0x00007ffb6d780000 - 0x00007ffb6d78c000 	C:\WINDOWS\SYSTEM32\CRYPTBASE.dll
0x00007ffb6c8e0000 - 0x00007ffb6c913000 	C:\WINDOWS\SYSTEM32\IPHLPAPI.DLL
0x00007ffb70930000 - 0x00007ffb7093a000 	C:\WINDOWS\System32\NSI.dll
0x00007ffb37aa0000 - 0x00007ffb37ae9000 	C:\Users\thiag\AppData\Local\Temp\jna-110330715\jna2500917912432661044.dll
0x00007ffb68540000 - 0x00007ffb6855d000 	C:\WINDOWS\SYSTEM32\dhcpcsvc6.DLL
0x00007ffb67320000 - 0x00007ffb67343000 	C:\WINDOWS\SYSTEM32\dhcpcsvc.DLL
0x00007ffb53b80000 - 0x00007ffb53b8e000 	C:\Users\thiag\.vscode\extensions\redhat.java-1.54.0-win32-x64\jre\21.0.10-win32-x86_64\bin\sunmscapi.dll
0x00007ffb6e210000 - 0x00007ffb6e387000 	C:\WINDOWS\System32\CRYPT32.dll
0x00007ffb6d980000 - 0x00007ffb6d9b0000 	C:\WINDOWS\SYSTEM32\ncrypt.dll
0x00007ffb6d930000 - 0x00007ffb6d96f000 	C:\WINDOWS\SYSTEM32\NTASN1.dll
0x00007ffb6c920000 - 0x00007ffb6ca4a000 	C:\WINDOWS\SYSTEM32\DNSAPI.dll
0x00007ffb68530000 - 0x00007ffb6853b000 	C:\Windows\System32\rasadhlp.dll
0x00007ffb67d60000 - 0x00007ffb67de6000 	C:\WINDOWS\System32\fwpuclnt.dll
0x00007ffb53b40000 - 0x00007ffb53b49000 	C:\Users\thiag\.vscode\extensions\redhat.java-1.54.0-win32-x64\jre\21.0.10-win32-x86_64\bin\extnet.dll

JVMTI agents:
c:\Users\thiag\.vscode\extensions\redhat.java-1.54.0-win32-x64\lombok\lombok-1.18.39-4050.jar path:c:\Users\thiag\.vscode\extensions\redhat.java-1.54.0-win32-x64\jre\21.0.10-win32-x86_64\bin\instrument.dll, loaded, initialized, instrumentlib options:none

dbghelp: loaded successfully - version: 4.0.5 - missing functions: none
symbol engine: initialized successfully - sym options: 0x614 - pdb path: .;c:\Users\thiag\.vscode\extensions\redhat.java-1.54.0-win32-x64\jre\21.0.10-win32-x86_64\bin;C:\WINDOWS\SYSTEM32;C:\WINDOWS\WinSxS\amd64_microsoft.windows.common-controls_6595b64144ccf1df_6.0.26100.8037_none_3e092faae333b53b;c:\Users\thiag\.vscode\extensions\redhat.java-1.54.0-win32-x64\jre\21.0.10-win32-x86_64\bin\server;C:\Users\thiag\AppData\Roaming\Code\User\globalStorage\redhat.java\1.54.0\config_win\org.eclipse.equinox.launcher\org.eclipse.equinox.launcher.win32.win32.x86_64_1.3.0.v20260203-2149;C:\Users\thiag\AppData\Local\Temp\jna-110330715

VM Arguments:
jvm_args: --add-modules=ALL-SYSTEM --add-opens=java.base/java.util=ALL-UNNAMED --add-opens=java.base/java.lang=ALL-UNNAMED --add-opens=java.base/sun.nio.fs=ALL-UNNAMED -Declipse.application=org.eclipse.jdt.ls.core.id1 -Dosgi.bundles.defaultStartLevel=4 -Declipse.product=org.eclipse.jdt.ls.core.product -Djava.import.generatesMetadataFilesAtProjectRoot=false -DDetectVMInstallationsJob.disabled=true -Dfile.encoding=utf8 -XX:+UseParallelGC -XX:GCTimeRatio=4 -XX:AdaptiveSizePolicyWeight=90 -Dsun.zip.disableMemoryMapping=true -Xmx2G -Xms100m -Xlog:disable -javaagent:c:\Users\thiag\.vscode\extensions\redhat.java-1.54.0-win32-x64\lombok\lombok-1.18.39-4050.jar -XX:+HeapDumpOnOutOfMemoryError -XX:HeapDumpPath=c:\Users\thiag\AppData\Roaming\Code\User\workspaceStorage\6032074ec58f4167fceb86fd3e36ecb2\redhat.java -Daether.dependencyCollector.impl=bf 
java_command: c:\Users\thiag\.vscode\extensions\redhat.java-1.54.0-win32-x64\server\plugins\org.eclipse.equinox.launcher_1.7.100.v20251111-0406.jar -configuration c:\Users\thiag\AppData\Roaming\Code\User\globalStorage\redhat.java\1.54.0\config_win -data c:\Users\thiag\AppData\Roaming\Code\User\workspaceStorage\6032074ec58f4167fceb86fd3e36ecb2\redhat.java\jdt_ws --pipe=\\.\pipe\lsp-fd29a210724d52c6338500bf485e5c7b-sock
java_class_path (initial): c:\Users\thiag\.vscode\extensions\redhat.java-1.54.0-win32-x64\server\plugins\org.eclipse.equinox.launcher_1.7.100.v20251111-0406.jar
Launcher Type: SUN_STANDARD

[Global flags]
    uintx AdaptiveSizePolicyWeight                 = 90                                        {product} {command line}
     intx CICompilerCount                          = 4                                         {product} {ergonomic}
    uintx GCTimeRatio                              = 4                                         {product} {command line}
     bool HeapDumpOnOutOfMemoryError               = true                                   {manageable} {command line}
    ccstr HeapDumpPath                             = c:\Users\thiag\AppData\Roaming\Code\User\workspaceStorage\6032074ec58f4167fceb86fd3e36ecb2\redhat.java         {manageable} {command line}
   size_t InitialHeapSize                          = 104857600                                 {product} {command line}
   size_t MaxHeapSize                              = 2147483648                                {product} {command line}
   size_t MaxNewSize                               = 715653120                                 {product} {ergonomic}
   size_t MinHeapDeltaBytes                        = 524288                                    {product} {ergonomic}
   size_t MinHeapSize                              = 104857600                                 {product} {command line}
   size_t NewSize                                  = 34603008                                  {product} {ergonomic}
    uintx NonNMethodCodeHeapSize                   = 5839372                                {pd product} {ergonomic}
    uintx NonProfiledCodeHeapSize                  = 122909434                              {pd product} {ergonomic}
   size_t OldSize                                  = 70254592                                  {product} {ergonomic}
    uintx ProfiledCodeHeapSize                     = 122909434                              {pd product} {ergonomic}
    uintx ReservedCodeCacheSize                    = 251658240                              {pd product} {ergonomic}
     bool SegmentedCodeCache                       = true                                      {product} {ergonomic}
   size_t SoftMaxHeapSize                          = 2147483648                             {manageable} {ergonomic}
     bool UseCompressedOops                        = true                           {product lp64_product} {ergonomic}
     bool UseLargePagesIndividualAllocation        = false                                  {pd product} {ergonomic}
     bool UseParallelGC                            = true                                      {product} {command line}

Logging:
Log output configuration:
 #0: stdout all=off uptime,level,tags foldmultilines=false
 #1: stderr all=off uptime,level,tags foldmultilines=false

Release file:
JAVA_VERSION="21.0.10" 
MODULES="java.base java.compiler java.datatransfer java.xml java.prefs java.desktop java.instrument java.logging java.management java.security.sasl java.naming java.rmi java.management.rmi java.net.http java.scripting java.security.jgss java.transaction.xa java.sql java.sql.rowset java.xml.crypto java.se java.smartcardio jdk.accessibility jdk.internal.jvmstat jdk.attach jdk.charsets jdk.internal.opt jdk.zipfs jdk.compiler jdk.crypto.ec jdk.crypto.cryptoki jdk.crypto.mscapi jdk.dynalink jdk.internal.ed jdk.editpad jdk.hotspot.agent jdk.httpserver jdk.internal.le jdk.internal.vm.ci jdk.internal.vm.compiler jdk.internal.vm.compiler.management jdk.jartool jdk.javadoc jdk.jcmd jdk.management jdk.management.agent jdk.jconsole jdk.jdeps jdk.jdwp.agent jdk.jdi jdk.jfr jdk.jshell jdk.jsobject jdk.jstatd jdk.localedata jdk.management.jfr jdk.naming.dns jdk.naming.rmi jdk.net jdk.nio.mapmode jdk.random jdk.sctp jdk.security.auth jdk.security.jgss jdk.unsupported jdk.unsupported.desktop jdk.xml.dom" 

Environment Variables:
PATH=C:\Users\thiag\AppData\Local\Programs\Microsoft VS Code;C:\Program Files\Common Files\Oracle\Java\javapath;C:\Windows\system32;C:\Windows;C:\Windows\System32\Wbem;C:\Windows\System32\WindowsPowerShell\v1.0\;C:\Windows\System32\OpenSSH\;C:\Program Files (x86)\NVIDIA Corporation\PhysX\Common;C:\Program Files\NVIDIA Corporation\NVIDIA NvDLISR;C:\Program Files (x86)\HP\Common\HPDestPlgIn\;C:\Program Files\Java\jdk-23\bin;C:\WINDOWS\system32;C:\WINDOWS;C:\WINDOWS\System32\Wbem;C:\WINDOWS\System32\WindowsPowerShell\v1.0\;C:\WINDOWS\System32\OpenSSH\;C:\Program Files\Git\cmd;C:\Program Files\nodejs\;C:\Program Files\Docker\Docker\resources\bin;C:\Users\thiag\AppData\Local\Microsoft\WindowsApps;C:\Program Files (x86)\HP\Common\HPDestPlgIn\;C:\Users\thiag\AppData\Local\JetBrains\Toolbox\scripts;;C:\Users\thiag\AppData\Local\Microsoft\WindowsApps;C:\Users\thiag\AppData\Roaming\npm;C:\Users\thiag\AppData\Local\Programs\Microsoft VS Code\bin
USERNAME=thiag
OS=Windows_NT
PROCESSOR_IDENTIFIER=Intel64 Family 6 Model 186 Stepping 3, GenuineIntel
TMP=C:\Users\thiag\AppData\Local\Temp
TEMP=C:\Users\thiag\AppData\Local\Temp




Periodic native trim disabled

---------------  S Y S T E M  ---------------

OS:
 Windows 11 , 64 bit Build 26100 (10.0.26100.7920)
OS uptime: 1 days 3:54 hours
Hyper-V role detected

CPU: total 12 (initial active 12) (6 cores per cpu, 2 threads per core) family 6 model 186 stepping 3 microcode 0x411f, cx8, cmov, fxsr, ht, mmx, 3dnowpref, sse, sse2, sse3, ssse3, sse4.1, sse4.2, popcnt, lzcnt, tsc, tscinvbit, avx, avx2, aes, erms, clmul, bmi1, bmi2, adx, sha, fma, vzeroupper, clflush, clflushopt, clwb, hv, serialize, rdtscp, rdpid, fsrm, f16c, cet_ibt, cet_ss
Processor Information for processor 0
  Max Mhz: 1400, Current Mhz: 1400, Mhz Limit: 1400
Processor Information for processor 1
  Max Mhz: 1400, Current Mhz: 1400, Mhz Limit: 1400
Processor Information for processor 2
  Max Mhz: 1400, Current Mhz: 1400, Mhz Limit: 1400
Processor Information for processor 3
  Max Mhz: 1400, Current Mhz: 1400, Mhz Limit: 1400
Processor Information for processor 4
  Max Mhz: 1400, Current Mhz: 900, Mhz Limit: 896
Processor Information for processor 5
  Max Mhz: 1400, Current Mhz: 900, Mhz Limit: 896
Processor Information for processor 6
  Max Mhz: 1400, Current Mhz: 900, Mhz Limit: 896
Processor Information for processor 7
  Max Mhz: 1400, Current Mhz: 900, Mhz Limit: 896
Processor Information for processor 8
  Max Mhz: 1400, Current Mhz: 900, Mhz Limit: 896
Processor Information for processor 9
  Max Mhz: 1400, Current Mhz: 900, Mhz Limit: 896
Processor Information for processor 10
  Max Mhz: 1400, Current Mhz: 900, Mhz Limit: 896
Processor Information for processor 11
  Max Mhz: 1400, Current Mhz: 900, Mhz Limit: 896

Memory: 4k page, system-wide physical 16067M (3566M free)
TotalPageFile size 16067M (AvailPageFile size 228M)
current process WorkingSet (physical memory assigned to process): 246M, peak: 250M
current process commit charge ("private bytes"): 368M, peak: 370M

vm_info: OpenJDK 64-Bit Server VM (21.0.10+7-LTS) for windows-amd64 JRE (21.0.10+7-LTS), built on 2026-01-20T00:00:00Z by "admin" with MS VC++ 17.12 (VS2022)

END.
